Log file open, 03/31/20 17:50:17
LogWindows: Failed to load 'aqProf.dll' (GetLastError=126)
LogWindows: File 'aqProf.dll' does not exist
LogWindows: Failed to load 'VtuneApi.dll' (GetLastError=126)
LogWindows: File 'VtuneApi.dll' does not exist
LogWindows: Failed to load 'VtuneApi32e.dll' (GetLastError=126)
LogWindows: File 'VtuneApi32e.dll' does not exist
LogConsoleResponse: Display: Failed to find resolution value strings in scalability ini. Falling back to default.
LogInit: Display: Running engine for game: ProjecteAplicat
LogPlatformFile: Not using cached read wrapper
LogTaskGraph: Started task graph with 5 named threads and 14 total threads with 3 sets of task threads.
LogStats: Stats thread started at 0.075334
LogD3D11RHI: Loaded GFSDK_Aftermath_Lib.x64.dll
LogICUInternationalization: ICU TimeZone Detection - Raw Offset: +1:00, Platform Override: ''
LogPluginManager: Mounting plugin Paper2D
LogPluginManager: Mounting plugin AISupport
LogPluginManager: Mounting plugin LightPropagationVolume
LogPluginManager: Mounting plugin ActorLayerUtilities
LogPluginManager: Mounting plugin AnimationSharing
LogPluginManager: Mounting plugin CLionSourceCodeAccess
LogPluginManager: Mounting plugin CodeLiteSourceCodeAccess
LogPluginManager: Mounting plugin GitSourceControl
LogPluginManager: Mounting plugin KDevelopSourceCodeAccess
LogPluginManager: Mounting plugin NullSourceCodeAccess
LogPluginManager: Mounting plugin PerforceSourceControl
LogPluginManager: Mounting plugin SubversionSourceControl
LogPluginManager: Mounting plugin UObjectPlugin
LogPluginManager: Mounting plugin VisualStudioCodeSourceCodeAccess
LogPluginManager: Mounting plugin VisualStudioSourceCodeAccess
LogPluginManager: Mounting plugin XCodeSourceCodeAccess
LogPluginManager: Mounting plugin AssetManagerEditor
LogPluginManager: Mounting plugin CryptoKeys
LogPluginManager: Mounting plugin CurveEditorTools
LogPluginManager: Mounting plugin DataValidation
LogPluginManager: Mounting plugin FacialAnimation
LogPluginManager: Mounting plugin GameplayTagsEditor
LogPluginManager: Mounting plugin MacGraphicsSwitching
LogPluginManager: Mounting plugin MaterialAnalyzer
LogPluginManager: Mounting plugin MobileLauncherProfileWizard
LogPluginManager: Mounting plugin PluginBrowser
LogPluginManager: Mounting plugin SpeedTreeImporter
LogPluginManager: Mounting plugin DatasmithContent
LogPluginManager: Mounting plugin VariantManagerContent
LogPluginManager: Mounting plugin AlembicImporter
LogPluginManager: Mounting plugin AutomationUtils
LogPluginManager: Mounting plugin BackChannel
LogPluginManager: Mounting plugin CharacterAI
LogPluginManager: Mounting plugin GeometryCache
LogPluginManager: Mounting plugin HTML5Networking
LogPluginManager: Mounting plugin PlatformCrypto
LogPluginManager: Mounting plugin ProxyLODPlugin
LogPluginManager: Mounting plugin SkeletalReduction
LogPluginManager: Mounting plugin MagicLeap
LogPluginManager: Mounting plugin MagicLeapMedia
LogPluginManager: Mounting plugin Substance
LogPluginManager: Mounting plugin AndroidMedia
LogPluginManager: Mounting plugin AvfMedia
LogPluginManager: Mounting plugin ImgMedia
LogPluginManager: Mounting plugin MediaCompositing
LogPluginManager: Mounting plugin MediaPlayerEditor
LogPluginManager: Mounting plugin WebMMedia
LogPluginManager: Mounting plugin WmfMedia
LogPluginManager: Mounting plugin TcpMessaging
LogPluginManager: Mounting plugin UdpMessaging
LogPluginManager: Mounting plugin ActorSequence
LogPluginManager: Mounting plugin LevelSequenceEditor
LogPluginManager: Mounting plugin MatineeToLevelSequence
LogPluginManager: Mounting plugin NetcodeUnitTest
LogPluginManager: Mounting plugin NUTUnrealEngine4
LogPluginManager: Mounting plugin OnlineSubsystemGooglePlay
LogPluginManager: Mounting plugin OnlineSubsystemIOS
LogPluginManager: Mounting plugin OnlineSubsystem
LogPluginManager: Mounting plugin OnlineSubsystemNull
LogPluginManager: Mounting plugin OnlineSubsystemUtils
LogPluginManager: Mounting plugin LauncherChunkInstaller
LogPluginManager: Mounting plugin AndroidDeviceProfileSelector
LogPluginManager: Mounting plugin AndroidMoviePlayer
LogPluginManager: Mounting plugin AndroidPermission
LogPluginManager: Mounting plugin AppleImageUtils
LogPluginManager: Mounting plugin AppleMoviePlayer
LogPluginManager: Mounting plugin ArchVisCharacter
LogPluginManager: Mounting plugin AudioCapture
LogPluginManager: Mounting plugin CableComponent
LogPluginManager: Mounting plugin CustomMeshComponent
LogPluginManager: Mounting plugin EditableMesh
LogPluginManager: Mounting plugin ExampleDeviceProfileSelector
LogPluginManager: Mounting plugin GoogleCloudMessaging
LogPluginManager: Mounting plugin IOSDeviceProfileSelector
LogPluginManager: Mounting plugin LinuxDeviceProfileSelector
LogPluginManager: Mounting plugin LocationServicesBPLibrary
LogPluginManager: Mounting plugin MobilePatchingUtils
LogPluginManager: Mounting plugin OculusVR
LogPluginManager: Mounting plugin PhysXVehicles
LogPluginManager: Mounting plugin ProceduralMeshComponent
LogPluginManager: Mounting plugin RuntimePhysXCooking
LogPluginManager: Mounting plugin SignificanceManager
LogPluginManager: Mounting plugin SteamVR
LogPluginManager: Mounting plugin WebMMoviePlayer
LogPluginManager: Mounting plugin WindowsMoviePlayer
LogPluginManager: Mounting plugin ScreenshotTools
LogInit: Using libcurl 7.55.1-DEV
LogInit:  - built for x86_64-pc-win32
LogInit:  - supports SSL with OpenSSL/1.1.1
LogInit:  - supports HTTP deflate (compression) using libz 1.2.8
LogInit:  - other features:
LogInit:      CURL_VERSION_SSL
LogInit:      CURL_VERSION_LIBZ
LogInit:      CURL_VERSION_IPV6
LogInit:      CURL_VERSION_ASYNCHDNS
LogInit:      CURL_VERSION_LARGEFILE
LogInit:      CURL_VERSION_IDN
LogInit:  CurlRequestOptions (configurable via config and command line):
LogInit:  - bVerifyPeer = true  - Libcurl will verify peer certificate
LogInit:  - bUseHttpProxy = false  - Libcurl will NOT use HTTP proxy
LogInit:  - bDontReuseConnections = false  - Libcurl will reuse connections
LogInit:  - MaxHostConnections = 16  - Libcurl will limit the number of connections to a host
LogInit:  - LocalHostAddr = Default
LogInit:  - BufferSize = 65536
LogOnline: OSS: Creating online subsystem instance for: NULL
LogInit: WinSock: version 1.1 (2.2), MaxSocks=32767, MaxUdp=65467
LogInit: Build: ++UE4+Release-4.23-CL-9631420
LogInit: Engine Version: 4.23.1-9631420+++UE4+Release-4.23
LogInit: Compatible Engine Version: 4.23.0-8386587+++UE4+Release-4.23
LogInit: Net CL: 8386587
LogInit: OS: Windows 10 (Release 1903) (), CPU: Intel(R) Core(TM) i5-7600 CPU @ 3.50GHz, GPU: NVIDIA GeForce GTX 1060 6GB
LogInit: Compiled (64-bit): Oct 18 2019 02:07:44
LogInit: Compiled with Visual C++: 19.16.27030.01
LogInit: Build Configuration: Development
LogInit: Branch Name: ++UE4+Release-4.23
LogInit: Command Line: 
LogInit: Base Directory: D:/Unreal Engine/UE_4.23/Engine/Binaries/Win64/
LogInit: Installed Engine Build: 1
LogDevObjectVersion: Number of dev versions registered: 23
LogDevObjectVersion:   Dev-Blueprints (B0D832E4-1F89-4F0D-ACCF-7EB736FD4AA2): 10
LogDevObjectVersion:   Dev-Build (E1C64328-A22C-4D53-A36C-8E866417BD8C): 0
LogDevObjectVersion:   Dev-Core (375EC13C-06E4-48FB-B500-84F0262A717E): 3
LogDevObjectVersion:   Dev-Editor (E4B068ED-F494-42E9-A231-DA0B2E46BB41): 34
LogDevObjectVersion:   Dev-Framework (CFFC743F-43B0-4480-9391-14DF171D2073): 35
LogDevObjectVersion:   Dev-Mobile (B02B49B5-BB20-44E9-A304-32B752E40360): 2
LogDevObjectVersion:   Dev-Networking (A4E4105C-59A1-49B5-A7C5-40C4547EDFEE): 0
LogDevObjectVersion:   Dev-Online (39C831C9-5AE6-47DC-9A44-9C173E1C8E7C): 0
LogDevObjectVersion:   Dev-Physics (78F01B33-EBEA-4F98-B9B4-84EACCB95AA2): 0
LogDevObjectVersion:   Dev-Platform (6631380F-2D4D-43E0-8009-CF276956A95A): 0
LogDevObjectVersion:   Dev-Rendering (12F88B9F-8875-4AFC-A67C-D90C383ABD29): 31
LogDevObjectVersion:   Dev-Sequencer (7B5AE74C-D270-4C10-A958-57980B212A5A): 11
LogDevObjectVersion:   Dev-VR (D7296918-1DD6-4BDD-9DE2-64A83CC13884): 2
LogDevObjectVersion:   Dev-LoadTimes (C2A15278-BFE7-4AFE-6C17-90FF531DF755): 1
LogDevObjectVersion:   Private-Geometry (6EACA3D4-40EC-4CC1-B786-8BED09428FC5): 3
LogDevObjectVersion:   Dev-AnimPhys (29E575DD-E0A3-4627-9D10-D276232CDCEA): 17
LogDevObjectVersion:   Dev-Anim (AF43A65D-7FD3-4947-9873-3E8ED9C1BB05): 2
LogDevObjectVersion:   Dev-ReflectionCapture (6B266CEC-1EC7-4B8F-A30B-E4D90942FC07): 1
LogDevObjectVersion:   Dev-Automation (0DF73D61-A23F-47EA-B727-89E90C41499A): 1
LogDevObjectVersion:   FortniteMain (601D1886-AC64-4F84-AA16-D3DE0DEAC7D6): 27
LogDevObjectVersion:   Dev-Enterprise (9DFFBCD6-494F-0158-E221-12823C92A888): 6
LogDevObjectVersion:   Dev-Niagara (F2AED0AC-9AFE-416F-8664-AA7FFA26D6FC): 1
LogDevObjectVersion:   Dev-Destruction (174F1F0B-B4C6-45A5-B13F-2EE8D0FB917D): 9
LogInit: Presizing for max 16777216 objects, including 0 objects not considered by GC, pre-allocating 0 bytes for permanent pool.
LogInit: Object subsystem initialized
LogConfig: Setting CVar [[con.DebugEarlyDefault:1]]
LogConfig: Setting CVar [[r.setres:1280x720]]
[2020.03.31-15.50.17:585][  0]LogConfig: Setting CVar [[r.VSync:0]]
[2020.03.31-15.50.17:585][  0]LogConfig: Setting CVar [[r.RHICmdBypass:0]]
[2020.03.31-15.50.17:585][  0]LogConfig: Applying CVar settings from Section [/Script/Engine.RendererSettings] File [D:/Unreal Projects/ProjecteAplicat/Saved/Config/Windows/Engine.ini]
[2020.03.31-15.50.17:585][  0]LogConfig: Setting CVar [[r.GPUCrashDebugging:0]]
[2020.03.31-15.50.17:585][  0]LogConfig: Applying CVar settings from Section [/Script/Engine.RendererOverrideSettings] File [D:/Unreal Projects/ProjecteAplicat/Saved/Config/Windows/Engine.ini]
[2020.03.31-15.50.17:585][  0]LogConfig: Applying CVar settings from Section [/Script/Engine.StreamingSettings] File [D:/Unreal Projects/ProjecteAplicat/Saved/Config/Windows/Engine.ini]
[2020.03.31-15.50.17:585][  0]LogConfig: Setting CVar [[s.MinBulkDataSizeForAsyncLoading:131072]]
[2020.03.31-15.50.17:585][  0]LogConfig: Setting CVar [[s.AsyncLoadingThreadEnabled:0]]
[2020.03.31-15.50.17:585][  0]LogConfig: Setting CVar [[s.EventDrivenLoaderEnabled:1]]
[2020.03.31-15.50.17:585][  0]LogConfig: Setting CVar [[s.WarnIfTimeLimitExceeded:0]]
[2020.03.31-15.50.17:585][  0]LogConfig: Setting CVar [[s.TimeLimitExceededMultiplier:1.5]]
[2020.03.31-15.50.17:585][  0]LogConfig: Setting CVar [[s.TimeLimitExceededMinTime:0.005]]
[2020.03.31-15.50.17:585][  0]LogConfig: Setting CVar [[s.UseBackgroundLevelStreaming:1]]
[2020.03.31-15.50.17:585][  0]LogConfig: Setting CVar [[s.PriorityAsyncLoadingExtraTime:15.0]]
[2020.03.31-15.50.17:585][  0]LogConfig: Setting CVar [[s.LevelStreamingActorsUpdateTimeLimit:5.0]]
[2020.03.31-15.50.17:585][  0]LogConfig: Setting CVar [[s.PriorityLevelStreamingActorsUpdateExtraTime:5.0]]
[2020.03.31-15.50.17:585][  0]LogConfig: Setting CVar [[s.LevelStreamingComponentsRegistrationGranularity:10]]
[2020.03.31-15.50.17:585][  0]LogConfig: Setting CVar [[s.UnregisterComponentsTimeLimit:1.0]]
[2020.03.31-15.50.17:585][  0]LogConfig: Setting CVar [[s.LevelStreamingComponentsUnregistrationGranularity:5]]
[2020.03.31-15.50.17:585][  0]LogConfig: Applying CVar settings from Section [/Script/Engine.GarbageCollectionSettings] File [D:/Unreal Projects/ProjecteAplicat/Saved/Config/Windows/Engine.ini]
[2020.03.31-15.50.17:585][  0]LogConfig: Setting CVar [[gc.MaxObjectsNotConsideredByGC:1]]
[2020.03.31-15.50.17:585][  0]LogConfig: Setting CVar [[gc.SizeOfPermanentObjectPool:0]]
[2020.03.31-15.50.17:585][  0]LogConfig: Setting CVar [[gc.FlushStreamingOnGC:0]]
[2020.03.31-15.50.17:585][  0]LogConfig: Setting CVar [[gc.NumRetriesBeforeForcingGC:10]]
[2020.03.31-15.50.17:585][  0]LogConfig: Setting CVar [[gc.AllowParallelGC:1]]
[2020.03.31-15.50.17:585][  0]LogConfig: Setting CVar [[gc.TimeBetweenPurgingPendingKillObjects:61.1]]
[2020.03.31-15.50.17:585][  0]LogConfig: Setting CVar [[gc.MaxObjectsInEditor:16777216]]
[2020.03.31-15.50.17:585][  0]LogConfig: Setting CVar [[gc.IncrementalBeginDestroyEnabled:1]]
[2020.03.31-15.50.17:585][  0]LogConfig: Setting CVar [[gc.CreateGCClusters:1]]
[2020.03.31-15.50.17:585][  0]LogConfig: Setting CVar [[gc.MinGCClusterSize:5]]
[2020.03.31-15.50.17:585][  0]LogConfig: Setting CVar [[gc.ActorClusteringEnabled:0]]
[2020.03.31-15.50.17:585][  0]LogConfig: Setting CVar [[gc.BlueprintClusteringEnabled:0]]
[2020.03.31-15.50.17:585][  0]LogConfig: Setting CVar [[gc.UseDisregardForGCOnDedicatedServers:0]]
[2020.03.31-15.50.17:585][  0]LogConfig: Applying CVar settings from Section [/Script/Engine.NetworkSettings] File [D:/Unreal Projects/ProjecteAplicat/Saved/Config/Windows/Engine.ini]
[2020.03.31-15.50.17:585][  0]LogConfig: Applying CVar settings from Section [/Script/UnrealEd.CookerSettings] File [D:/Unreal Projects/ProjecteAplicat/Saved/Config/Windows/Engine.ini]
[2020.03.31-15.50.17:588][  0]LogConfig: Applying CVar settings from Section [ViewDistanceQuality@3] File [D:/Unreal Projects/ProjecteAplicat/Saved/Config/Windows/Scalability.ini]
[2020.03.31-15.50.17:588][  0]LogConfig: Setting CVar [[r.SkeletalMeshLODBias:0]]
[2020.03.31-15.50.17:588][  0]LogConfig: Setting CVar [[r.ViewDistanceScale:1.0]]
[2020.03.31-15.50.17:588][  0]LogConfig: Applying CVar settings from Section [AntiAliasingQuality@3] File [D:/Unreal Projects/ProjecteAplicat/Saved/Config/Windows/Scalability.ini]
[2020.03.31-15.50.17:588][  0]LogConfig: Setting CVar [[r.PostProcessAAQuality:4]]
[2020.03.31-15.50.17:588][  0]LogConfig: Applying CVar settings from Section [ShadowQuality@3] File [D:/Unreal Projects/ProjecteAplicat/Saved/Config/Windows/Scalability.ini]
[2020.03.31-15.50.17:588][  0]LogConfig: Setting CVar [[r.LightFunctionQuality:1]]
[2020.03.31-15.50.17:588][  0]LogConfig: Setting CVar [[r.ShadowQuality:5]]
[2020.03.31-15.50.17:588][  0]LogConfig: Setting CVar [[r.Shadow.CSM.MaxCascades:10]]
[2020.03.31-15.50.17:588][  0]LogConfig: Setting CVar [[r.Shadow.MaxResolution:2048]]
[2020.03.31-15.50.17:588][  0]LogConfig: Setting CVar [[r.Shadow.MaxCSMResolution:2048]]
[2020.03.31-15.50.17:588][  0]LogConfig: Setting CVar [[r.Shadow.RadiusThreshold:0.01]]
[2020.03.31-15.50.17:588][  0]LogConfig: Setting CVar [[r.Shadow.DistanceScale:1.0]]
[2020.03.31-15.50.17:588][  0]LogConfig: Setting CVar [[r.Shadow.CSM.TransitionScale:1.0]]
[2020.03.31-15.50.17:588][  0]LogConfig: Setting CVar [[r.Shadow.PreShadowResolutionFactor:1.0]]
[2020.03.31-15.50.17:588][  0]LogConfig: Setting CVar [[r.DistanceFieldShadowing:1]]
[2020.03.31-15.50.17:588][  0]LogConfig: Setting CVar [[r.DistanceFieldAO:1]]
[2020.03.31-15.50.17:588][  0]LogConfig: Setting CVar [[r.AOQuality:2]]
[2020.03.31-15.50.17:588][  0]LogConfig: Setting CVar [[r.VolumetricFog:1]]
[2020.03.31-15.50.17:588][  0]LogConfig: Setting CVar [[r.VolumetricFog.GridPixelSize:8]]
[2020.03.31-15.50.17:588][  0]LogConfig: Setting CVar [[r.VolumetricFog.GridSizeZ:128]]
[2020.03.31-15.50.17:588][  0]LogConfig: Setting CVar [[r.VolumetricFog.HistoryMissSupersampleCount:4]]
[2020.03.31-15.50.17:588][  0]LogConfig: Setting CVar [[r.LightMaxDrawDistanceScale:1]]
[2020.03.31-15.50.17:588][  0]LogConfig: Setting CVar [[r.CapsuleShadows:1]]
[2020.03.31-15.50.17:588][  0]LogConfig: Applying CVar settings from Section [PostProcessQuality@3] File [D:/Unreal Projects/ProjecteAplicat/Saved/Config/Windows/Scalability.ini]
[2020.03.31-15.50.17:588][  0]LogConfig: Setting CVar [[r.MotionBlurQuality:4]]
[2020.03.31-15.50.17:588][  0]LogConfig: Setting CVar [[r.AmbientOcclusionMipLevelFactor:0.4]]
[2020.03.31-15.50.17:588][  0]LogConfig: Setting CVar [[r.AmbientOcclusionMaxQuality:100]]
[2020.03.31-15.50.17:588][  0]LogConfig: Setting CVar [[r.AmbientOcclusionLevels:-1]]
[2020.03.31-15.50.17:588][  0]LogConfig: Setting CVar [[r.AmbientOcclusionRadiusScale:1.0]]
[2020.03.31-15.50.17:588][  0]LogConfig: Setting CVar [[r.DepthOfFieldQuality:2]]
[2020.03.31-15.50.17:588][  0]LogConfig: Setting CVar [[r.RenderTargetPoolMin:400]]
[2020.03.31-15.50.17:588][  0]LogConfig: Setting CVar [[r.LensFlareQuality:2]]
[2020.03.31-15.50.17:588][  0]LogConfig: Setting CVar [[r.SceneColorFringeQuality:1]]
[2020.03.31-15.50.17:588][  0]LogConfig: Setting CVar [[r.EyeAdaptationQuality:2]]
[2020.03.31-15.50.17:588][  0]LogConfig: Setting CVar [[r.BloomQuality:5]]
[2020.03.31-15.50.17:588][  0]LogConfig: Setting CVar [[r.FastBlurThreshold:100]]
[2020.03.31-15.50.17:588][  0]LogConfig: Setting CVar [[r.Upscale.Quality:3]]
[2020.03.31-15.50.17:588][  0]LogConfig: Setting CVar [[r.Tonemapper.GrainQuantization:1]]
[2020.03.31-15.50.17:588][  0]LogConfig: Setting CVar [[r.LightShaftQuality:1]]
[2020.03.31-15.50.17:588][  0]LogConfig: Setting CVar [[r.Filter.SizeScale:1]]
[2020.03.31-15.50.17:588][  0]LogConfig: Setting CVar [[r.Tonemapper.Quality:5]]
[2020.03.31-15.50.17:588][  0]LogConfig: Setting CVar [[r.DOF.Gather.AccumulatorQuality:1        ; higher gathering accumulator quality]]
[2020.03.31-15.50.17:588][  0]LogConfig: Setting CVar [[r.DOF.Gather.PostfilterMethod:1          ; Median3x3 postfilering method]]
[2020.03.31-15.50.17:588][  0]LogConfig: Setting CVar [[r.DOF.Gather.EnableBokehSettings:0       ; no bokeh simulation when gathering]]
[2020.03.31-15.50.17:588][  0]LogConfig: Setting CVar [[r.DOF.Gather.RingCount:4                 ; medium number of samples when gathering]]
[2020.03.31-15.50.17:588][  0]LogConfig: Setting CVar [[r.DOF.Scatter.ForegroundCompositing:1    ; additive foreground scattering]]
[2020.03.31-15.50.17:588][  0]LogConfig: Setting CVar [[r.DOF.Scatter.BackgroundCompositing:2    ; additive background scattering]]
[2020.03.31-15.50.17:588][  0]LogConfig: Setting CVar [[r.DOF.Scatter.EnableBokehSettings:1      ; bokeh simulation when scattering]]
[2020.03.31-15.50.17:588][  0]LogConfig: Setting CVar [[r.DOF.Scatter.MaxSpriteRatio:0.1         ; only a maximum of 10% of scattered bokeh]]
[2020.03.31-15.50.17:588][  0]LogConfig: Setting CVar [[r.DOF.Recombine.Quality:1                ; cheap slight out of focus]]
[2020.03.31-15.50.17:588][  0]LogConfig: Setting CVar [[r.DOF.Recombine.EnableBokehSettings:0    ; no bokeh simulation on slight out of focus]]
[2020.03.31-15.50.17:588][  0]LogConfig: Setting CVar [[r.DOF.TemporalAAQuality:1                ; more stable temporal accumulation]]
[2020.03.31-15.50.17:588][  0]LogConfig: Setting CVar [[r.DOF.Kernel.MaxForegroundRadius:0.025]]
[2020.03.31-15.50.17:588][  0]LogConfig: Setting CVar [[r.DOF.Kernel.MaxBackgroundRadius:0.025]]
[2020.03.31-15.50.17:588][  0]LogConfig: Applying CVar settings from Section [TextureQuality@3] File [D:/Unreal Projects/ProjecteAplicat/Saved/Config/Windows/Scalability.ini]
[2020.03.31-15.50.17:589][  0]LogConfig: Setting CVar [[r.Streaming.MipBias:0]]
[2020.03.31-15.50.17:589][  0]LogConfig: Setting CVar [[r.Streaming.AmortizeCPUToGPUCopy:0]]
[2020.03.31-15.50.17:589][  0]LogConfig: Setting CVar [[r.Streaming.MaxNumTexturesToStreamPerFrame:0]]
[2020.03.31-15.50.17:589][  0]LogConfig: Setting CVar [[r.Streaming.Boost:1]]
[2020.03.31-15.50.17:589][  0]LogConfig: Setting CVar [[r.MaxAnisotropy:8]]
[2020.03.31-15.50.17:589][  0]LogConfig: Setting CVar [[r.Streaming.LimitPoolSizeToVRAM:0]]
[2020.03.31-15.50.17:589][  0]LogConfig: Setting CVar [[r.Streaming.PoolSize:1000]]
[2020.03.31-15.50.17:589][  0]LogConfig: Setting CVar [[r.Streaming.MaxEffectiveScreenSize:0]]
[2020.03.31-15.50.17:589][  0]LogConfig: Applying CVar settings from Section [EffectsQuality@3] File [D:/Unreal Projects/ProjecteAplicat/Saved/Config/Windows/Scalability.ini]
[2020.03.31-15.50.17:589][  0]LogConfig: Setting CVar [[r.TranslucencyLightingVolumeDim:64]]
[2020.03.31-15.50.17:589][  0]LogConfig: Setting CVar [[r.RefractionQuality:2]]
[2020.03.31-15.50.17:589][  0]LogConfig: Setting CVar [[r.SSR.Quality:3]]
[2020.03.31-15.50.17:589][  0]LogConfig: Setting CVar [[r.SceneColorFormat:4]]
[2020.03.31-15.50.17:589][  0]LogConfig: Setting CVar [[r.DetailMode:2]]
[2020.03.31-15.50.17:589][  0]LogConfig: Setting CVar [[r.TranslucencyVolumeBlur:1]]
[2020.03.31-15.50.17:589][  0]LogConfig: Setting CVar [[r.MaterialQualityLevel:1 ; High quality]]
[2020.03.31-15.50.17:589][  0]LogConfig: Setting CVar [[r.SSS.Scale:1]]
[2020.03.31-15.50.17:589][  0]LogConfig: Setting CVar [[r.SSS.SampleSet:2]]
[2020.03.31-15.50.17:589][  0]LogConfig: Setting CVar [[r.SSS.Quality:1]]
[2020.03.31-15.50.17:589][  0]LogConfig: Setting CVar [[r.SSS.HalfRes:1]]
[2020.03.31-15.50.17:589][  0]LogConfig: Setting CVar [[r.EmitterSpawnRateScale:1.0]]
[2020.03.31-15.50.17:589][  0]LogConfig: Setting CVar [[r.ParticleLightQuality:2]]
[2020.03.31-15.50.17:589][  0]LogConfig: Applying CVar settings from Section [FoliageQuality@3] File [D:/Unreal Projects/ProjecteAplicat/Saved/Config/Windows/Scalability.ini]
[2020.03.31-15.50.17:589][  0]LogConfig: Setting CVar [[foliage.DensityScale:1.0]]
[2020.03.31-15.50.17:589][  0]LogConfig: Setting CVar [[grass.DensityScale:1.0]]
[2020.03.31-15.50.17:589][  0]LogInit: Selected Device Profile: [Windows]
[2020.03.31-15.50.17:589][  0]LogInit: Applying CVar settings loaded from the selected device profile: [Windows]
[2020.03.31-15.50.17:592][  0]LogHAL: Display: Platform has ~ 16 GB [17113960448 / 17179869184 / 16], which maps to Larger [LargestMinGB=32, LargerMinGB=12, DefaultMinGB=8, SmallerMinGB=6, SmallestMinGB=0)
[2020.03.31-15.50.17:592][  0]LogInit: Going up to parent DeviceProfile []
[2020.03.31-15.50.17:592][  0]LogConfig: Applying CVar settings from Section [ViewDistanceQuality@3] File [D:/Unreal Projects/ProjecteAplicat/Saved/Config/Windows/Scalability.ini]
[2020.03.31-15.50.17:592][  0]LogConfig: Setting CVar [[r.SkeletalMeshLODBias:0]]
[2020.03.31-15.50.17:592][  0]LogConfig: Setting CVar [[r.ViewDistanceScale:1.0]]
[2020.03.31-15.50.17:592][  0]LogConfig: Applying CVar settings from Section [AntiAliasingQuality@3] File [D:/Unreal Projects/ProjecteAplicat/Saved/Config/Windows/Scalability.ini]
[2020.03.31-15.50.17:592][  0]LogConfig: Setting CVar [[r.PostProcessAAQuality:4]]
[2020.03.31-15.50.17:592][  0]LogConfig: Applying CVar settings from Section [ShadowQuality@3] File [D:/Unreal Projects/ProjecteAplicat/Saved/Config/Windows/Scalability.ini]
[2020.03.31-15.50.17:592][  0]LogConfig: Setting CVar [[r.LightFunctionQuality:1]]
[2020.03.31-15.50.17:592][  0]LogConfig: Setting CVar [[r.ShadowQuality:5]]
[2020.03.31-15.50.17:592][  0]LogConfig: Setting CVar [[r.Shadow.CSM.MaxCascades:10]]
[2020.03.31-15.50.17:592][  0]LogConfig: Setting CVar [[r.Shadow.MaxResolution:2048]]
[2020.03.31-15.50.17:592][  0]LogConfig: Setting CVar [[r.Shadow.MaxCSMResolution:2048]]
[2020.03.31-15.50.17:592][  0]LogConfig: Setting CVar [[r.Shadow.RadiusThreshold:0.01]]
[2020.03.31-15.50.17:592][  0]LogConfig: Setting CVar [[r.Shadow.DistanceScale:1.0]]
[2020.03.31-15.50.17:592][  0]LogConfig: Setting CVar [[r.Shadow.CSM.TransitionScale:1.0]]
[2020.03.31-15.50.17:592][  0]LogConfig: Setting CVar [[r.Shadow.PreShadowResolutionFactor:1.0]]
[2020.03.31-15.50.17:592][  0]LogConfig: Setting CVar [[r.DistanceFieldShadowing:1]]
[2020.03.31-15.50.17:592][  0]LogConfig: Setting CVar [[r.DistanceFieldAO:1]]
[2020.03.31-15.50.17:592][  0]LogConfig: Setting CVar [[r.AOQuality:2]]
[2020.03.31-15.50.17:592][  0]LogConfig: Setting CVar [[r.VolumetricFog:1]]
[2020.03.31-15.50.17:592][  0]LogConfig: Setting CVar [[r.VolumetricFog.GridPixelSize:8]]
[2020.03.31-15.50.17:592][  0]LogConfig: Setting CVar [[r.VolumetricFog.GridSizeZ:128]]
[2020.03.31-15.50.17:592][  0]LogConfig: Setting CVar [[r.VolumetricFog.HistoryMissSupersampleCount:4]]
[2020.03.31-15.50.17:592][  0]LogConfig: Setting CVar [[r.LightMaxDrawDistanceScale:1]]
[2020.03.31-15.50.17:592][  0]LogConfig: Setting CVar [[r.CapsuleShadows:1]]
[2020.03.31-15.50.17:592][  0]LogConfig: Applying CVar settings from Section [PostProcessQuality@3] File [D:/Unreal Projects/ProjecteAplicat/Saved/Config/Windows/Scalability.ini]
[2020.03.31-15.50.17:592][  0]LogConfig: Setting CVar [[r.MotionBlurQuality:4]]
[2020.03.31-15.50.17:592][  0]LogConfig: Setting CVar [[r.AmbientOcclusionMipLevelFactor:0.4]]
[2020.03.31-15.50.17:592][  0]LogConfig: Setting CVar [[r.AmbientOcclusionMaxQuality:100]]
[2020.03.31-15.50.17:592][  0]LogConfig: Setting CVar [[r.AmbientOcclusionLevels:-1]]
[2020.03.31-15.50.17:592][  0]LogConfig: Setting CVar [[r.AmbientOcclusionRadiusScale:1.0]]
[2020.03.31-15.50.17:592][  0]LogConfig: Setting CVar [[r.DepthOfFieldQuality:2]]
[2020.03.31-15.50.17:592][  0]LogConfig: Setting CVar [[r.RenderTargetPoolMin:400]]
[2020.03.31-15.50.17:592][  0]LogConfig: Setting CVar [[r.LensFlareQuality:2]]
[2020.03.31-15.50.17:592][  0]LogConfig: Setting CVar [[r.SceneColorFringeQuality:1]]
[2020.03.31-15.50.17:592][  0]LogConfig: Setting CVar [[r.EyeAdaptationQuality:2]]
[2020.03.31-15.50.17:592][  0]LogConfig: Setting CVar [[r.BloomQuality:5]]
[2020.03.31-15.50.17:592][  0]LogConfig: Setting CVar [[r.FastBlurThreshold:100]]
[2020.03.31-15.50.17:592][  0]LogConfig: Setting CVar [[r.Upscale.Quality:3]]
[2020.03.31-15.50.17:592][  0]LogConfig: Setting CVar [[r.Tonemapper.GrainQuantization:1]]
[2020.03.31-15.50.17:592][  0]LogConfig: Setting CVar [[r.LightShaftQuality:1]]
[2020.03.31-15.50.17:592][  0]LogConfig: Setting CVar [[r.Filter.SizeScale:1]]
[2020.03.31-15.50.17:592][  0]LogConfig: Setting CVar [[r.Tonemapper.Quality:5]]
[2020.03.31-15.50.17:592][  0]LogConfig: Setting CVar [[r.DOF.Gather.AccumulatorQuality:1        ; higher gathering accumulator quality]]
[2020.03.31-15.50.17:592][  0]LogConfig: Setting CVar [[r.DOF.Gather.PostfilterMethod:1          ; Median3x3 postfilering method]]
[2020.03.31-15.50.17:592][  0]LogConfig: Setting CVar [[r.DOF.Gather.EnableBokehSettings:0       ; no bokeh simulation when gathering]]
[2020.03.31-15.50.17:592][  0]LogConfig: Setting CVar [[r.DOF.Gather.RingCount:4                 ; medium number of samples when gathering]]
[2020.03.31-15.50.17:592][  0]LogConfig: Setting CVar [[r.DOF.Scatter.ForegroundCompositing:1    ; additive foreground scattering]]
[2020.03.31-15.50.17:592][  0]LogConfig: Setting CVar [[r.DOF.Scatter.BackgroundCompositing:2    ; additive background scattering]]
[2020.03.31-15.50.17:592][  0]LogConfig: Setting CVar [[r.DOF.Scatter.EnableBokehSettings:1      ; bokeh simulation when scattering]]
[2020.03.31-15.50.17:592][  0]LogConfig: Setting CVar [[r.DOF.Scatter.MaxSpriteRatio:0.1         ; only a maximum of 10% of scattered bokeh]]
[2020.03.31-15.50.17:592][  0]LogConfig: Setting CVar [[r.DOF.Recombine.Quality:1                ; cheap slight out of focus]]
[2020.03.31-15.50.17:592][  0]LogConfig: Setting CVar [[r.DOF.Recombine.EnableBokehSettings:0    ; no bokeh simulation on slight out of focus]]
[2020.03.31-15.50.17:592][  0]LogConfig: Setting CVar [[r.DOF.TemporalAAQuality:1                ; more stable temporal accumulation]]
[2020.03.31-15.50.17:592][  0]LogConfig: Setting CVar [[r.DOF.Kernel.MaxForegroundRadius:0.025]]
[2020.03.31-15.50.17:592][  0]LogConfig: Setting CVar [[r.DOF.Kernel.MaxBackgroundRadius:0.025]]
[2020.03.31-15.50.17:592][  0]LogConfig: Applying CVar settings from Section [TextureQuality@3] File [D:/Unreal Projects/ProjecteAplicat/Saved/Config/Windows/Scalability.ini]
[2020.03.31-15.50.17:592][  0]LogConfig: Setting CVar [[r.Streaming.MipBias:0]]
[2020.03.31-15.50.17:592][  0]LogConfig: Setting CVar [[r.Streaming.AmortizeCPUToGPUCopy:0]]
[2020.03.31-15.50.17:592][  0]LogConfig: Setting CVar [[r.Streaming.MaxNumTexturesToStreamPerFrame:0]]
[2020.03.31-15.50.17:592][  0]LogConfig: Setting CVar [[r.Streaming.Boost:1]]
[2020.03.31-15.50.17:592][  0]LogConfig: Setting CVar [[r.MaxAnisotropy:8]]
[2020.03.31-15.50.17:592][  0]LogConfig: Setting CVar [[r.Streaming.LimitPoolSizeToVRAM:0]]
[2020.03.31-15.50.17:593][  0]LogConfig: Setting CVar [[r.Streaming.PoolSize:1000]]
[2020.03.31-15.50.17:593][  0]LogConfig: Setting CVar [[r.Streaming.MaxEffectiveScreenSize:0]]
[2020.03.31-15.50.17:593][  0]LogConfig: Applying CVar settings from Section [EffectsQuality@3] File [D:/Unreal Projects/ProjecteAplicat/Saved/Config/Windows/Scalability.ini]
[2020.03.31-15.50.17:593][  0]LogConfig: Setting CVar [[r.TranslucencyLightingVolumeDim:64]]
[2020.03.31-15.50.17:593][  0]LogConfig: Setting CVar [[r.RefractionQuality:2]]
[2020.03.31-15.50.17:593][  0]LogConfig: Setting CVar [[r.SSR.Quality:3]]
[2020.03.31-15.50.17:593][  0]LogConfig: Setting CVar [[r.SceneColorFormat:4]]
[2020.03.31-15.50.17:593][  0]LogConfig: Setting CVar [[r.DetailMode:2]]
[2020.03.31-15.50.17:593][  0]LogConfig: Setting CVar [[r.TranslucencyVolumeBlur:1]]
[2020.03.31-15.50.17:593][  0]LogConfig: Setting CVar [[r.MaterialQualityLevel:1 ; High quality]]
[2020.03.31-15.50.17:593][  0]LogConfig: Setting CVar [[r.SSS.Scale:1]]
[2020.03.31-15.50.17:593][  0]LogConfig: Setting CVar [[r.SSS.SampleSet:2]]
[2020.03.31-15.50.17:593][  0]LogConfig: Setting CVar [[r.SSS.Quality:1]]
[2020.03.31-15.50.17:593][  0]LogConfig: Setting CVar [[r.SSS.HalfRes:1]]
[2020.03.31-15.50.17:593][  0]LogConfig: Setting CVar [[r.EmitterSpawnRateScale:1.0]]
[2020.03.31-15.50.17:593][  0]LogConfig: Setting CVar [[r.ParticleLightQuality:2]]
[2020.03.31-15.50.17:593][  0]LogConfig: Applying CVar settings from Section [FoliageQuality@3] File [D:/Unreal Projects/ProjecteAplicat/Saved/Config/Windows/Scalability.ini]
[2020.03.31-15.50.17:593][  0]LogConfig: Setting CVar [[foliage.DensityScale:1.0]]
[2020.03.31-15.50.17:593][  0]LogConfig: Setting CVar [[grass.DensityScale:1.0]]
[2020.03.31-15.50.17:593][  0]LogConfig: Applying CVar settings from Section [Startup] File [../../../Engine/Config/ConsoleVariables.ini]
[2020.03.31-15.50.17:593][  0]LogConfig: Setting CVar [[net.UseAdaptiveNetUpdateFrequency:0]]
[2020.03.31-15.50.17:593][  0]LogConfig: Setting CVar [[p.chaos.AllowCreatePhysxBodies:1]]
[2020.03.31-15.50.17:593][  0]LogConfig: Applying CVar settings from Section [ConsoleVariables] File [D:/Unreal Projects/ProjecteAplicat/Saved/Config/Windows/Engine.ini]
[2020.03.31-15.50.17:593][  0]LogInit: Computer: DESKTOP-9MLDSJF
[2020.03.31-15.50.17:593][  0]LogInit: User: Usuari
[2020.03.31-15.50.17:593][  0]LogInit: CPU Page size=4096, Cores=4
[2020.03.31-15.50.17:593][  0]LogInit: High frequency timer resolution =10.000000 MHz
[2020.03.31-15.50.17:593][  0]LogMemory: Memory total: Physical=15.9GB (16GB approx)
[2020.03.31-15.50.17:593][  0]LogMemory: Platform Memory Stats for Windows
[2020.03.31-15.50.17:593][  0]LogMemory: Process Physical Memory: 100.32 MB used, 100.32 MB peak
[2020.03.31-15.50.17:593][  0]LogMemory: Process Virtual Memory: 87.94 MB used, 87.94 MB peak
[2020.03.31-15.50.17:593][  0]LogMemory: Physical Memory: 7121.05 MB used,  9200.10 MB free, 16321.14 MB total
[2020.03.31-15.50.17:593][  0]LogMemory: Virtual Memory: 4629.30 MB used,  134213096.00 MB free, 134217728.00 MB total
[2020.03.31-15.50.17:596][  0]LogWindows: WindowsPlatformFeatures enabled
[2020.03.31-15.50.17:627][  0]LogInit: Overriding language with editor language configuration option (en).
[2020.03.31-15.50.17:627][  0]LogInit: Overriding locale with editor locale configuration option (en).
[2020.03.31-15.50.17:940][  0]LogInit: Setting process to per monitor DPI aware
[2020.03.31-15.50.18:245][  0]LogSlate: New Slate User Created.  User Index 0, Is Virtual User: 0
[2020.03.31-15.50.18:245][  0]LogSlate: Slate User Registered.  User Index 0, Is Virtual User: 0
[2020.03.31-15.50.19:609][  0]LogHMD: Failed to initialize OpenVR with code 110
[2020.03.31-15.50.19:609][  0]LogD3D11RHI: D3D11 adapters:
[2020.03.31-15.50.19:675][  0]LogD3D11RHI:    0. 'NVIDIA GeForce GTX 1060 6GB' (Feature Level 11_0)
[2020.03.31-15.50.19:675][  0]LogD3D11RHI:       6052/0/8160 MB DedicatedVideo/DedicatedSystem/SharedSystem, Outputs:1, VendorId:0x10de
[2020.03.31-15.50.19:678][  0]LogD3D11RHI:    1. 'Microsoft Basic Render Driver' (Feature Level 11_0)
[2020.03.31-15.50.19:678][  0]LogD3D11RHI:       0/0/8160 MB DedicatedVideo/DedicatedSystem/SharedSystem, Outputs:0, VendorId:0x1414
[2020.03.31-15.50.19:678][  0]LogD3D11RHI: Chosen D3D11 Adapter: 0
[2020.03.31-15.50.19:686][  0]LogD3D11RHI: Creating new Direct3DDevice
[2020.03.31-15.50.19:686][  0]LogD3D11RHI:     GPU DeviceId: 0x1c03 (for the marketing name, search the web for "GPU Device Id")
[2020.03.31-15.50.19:686][  0]LogWindows: EnumDisplayDevices:
[2020.03.31-15.50.19:686][  0]LogWindows:    0. 'NVIDIA GeForce GTX 1060 6GB' (P:1 D:1)
[2020.03.31-15.50.19:686][  0]LogWindows:    1. 'NVIDIA GeForce GTX 1060 6GB' (P:0 D:0)
[2020.03.31-15.50.19:687][  0]LogWindows:    2. 'NVIDIA GeForce GTX 1060 6GB' (P:0 D:0)
[2020.03.31-15.50.19:687][  0]LogWindows:    3. 'NVIDIA GeForce GTX 1060 6GB' (P:0 D:0)
[2020.03.31-15.50.19:687][  0]LogWindows: DebugString: FoundDriverCount:4 
[2020.03.31-15.50.19:687][  0]LogD3D11RHI:     Adapter Name: NVIDIA GeForce GTX 1060 6GB
[2020.03.31-15.50.19:688][  0]LogD3D11RHI:   Driver Version: 442.74 (internal:26.21.14.4274, unified:442.74)
[2020.03.31-15.50.19:688][  0]LogD3D11RHI:      Driver Date: 3-13-2020
[2020.03.31-15.50.19:688][  0]LogRHI: Texture pool is 4236 MB (70% of 6052 MB)
[2020.03.31-15.50.19:735][  0]LogD3D11RHI: Async texture creation enabled
[2020.03.31-15.50.19:748][  0]LogD3D11RHI: GPU Timing Frequency: 1000.000000 (Debug: 2 1)
[2020.03.31-15.50.20:118][  0]LogTemp: Display: Module 'AllDesktopTargetPlatform' loaded TargetPlatform 'AllDesktop'
[2020.03.31-15.50.20:125][  0]LogTemp: Display: Module 'MacClientTargetPlatform' loaded TargetPlatform 'MacClient'
[2020.03.31-15.50.20:132][  0]LogTemp: Display: Module 'MacNoEditorTargetPlatform' loaded TargetPlatform 'MacNoEditor'
[2020.03.31-15.50.20:140][  0]LogTemp: Display: Module 'MacServerTargetPlatform' loaded TargetPlatform 'MacServer'
[2020.03.31-15.50.20:148][  0]LogTemp: Display: Module 'MacTargetPlatform' loaded TargetPlatform 'Mac'
[2020.03.31-15.50.20:156][  0]LogTemp: Display: Module 'WindowsClientTargetPlatform' loaded TargetPlatform 'WindowsClient'
[2020.03.31-15.50.20:165][  0]LogTemp: Display: Module 'WindowsNoEditorTargetPlatform' loaded TargetPlatform 'WindowsNoEditor'
[2020.03.31-15.50.20:172][  0]LogTemp: Display: Module 'WindowsServerTargetPlatform' loaded TargetPlatform 'WindowsServer'
[2020.03.31-15.50.20:177][  0]LogTemp: Display: Module 'WindowsTargetPlatform' loaded TargetPlatform 'Windows'
[2020.03.31-15.50.20:205][  0]LogTemp: Display: Module 'AndroidTargetPlatform' loaded TargetPlatform 'Android'
[2020.03.31-15.50.20:205][  0]LogTemp: Display: Module 'AndroidTargetPlatform' loaded TargetPlatform 'Android_ASTC'
[2020.03.31-15.50.20:205][  0]LogTemp: Display: Module 'AndroidTargetPlatform' loaded TargetPlatform 'Android_ATC'
[2020.03.31-15.50.20:205][  0]LogTemp: Display: Module 'AndroidTargetPlatform' loaded TargetPlatform 'Android_DXT'
[2020.03.31-15.50.20:205][  0]LogTemp: Display: Module 'AndroidTargetPlatform' loaded TargetPlatform 'Android_ETC1'
[2020.03.31-15.50.20:205][  0]LogTemp: Display: Module 'AndroidTargetPlatform' loaded TargetPlatform 'Android_ETC1a'
[2020.03.31-15.50.20:205][  0]LogTemp: Display: Module 'AndroidTargetPlatform' loaded TargetPlatform 'Android_ETC2'
[2020.03.31-15.50.20:205][  0]LogTemp: Display: Module 'AndroidTargetPlatform' loaded TargetPlatform 'Android_PVRTC'
[2020.03.31-15.50.20:205][  0]LogTemp: Display: Module 'AndroidTargetPlatform' loaded TargetPlatform 'AndroidClient'
[2020.03.31-15.50.20:205][  0]LogTemp: Display: Module 'AndroidTargetPlatform' loaded TargetPlatform 'Android_ASTCClient'
[2020.03.31-15.50.20:205][  0]LogTemp: Display: Module 'AndroidTargetPlatform' loaded TargetPlatform 'Android_ATCClient'
[2020.03.31-15.50.20:205][  0]LogTemp: Display: Module 'AndroidTargetPlatform' loaded TargetPlatform 'Android_DXTClient'
[2020.03.31-15.50.20:205][  0]LogTemp: Display: Module 'AndroidTargetPlatform' loaded TargetPlatform 'Android_ETC1Client'
[2020.03.31-15.50.20:205][  0]LogTemp: Display: Module 'AndroidTargetPlatform' loaded TargetPlatform 'Android_ETC1aClient'
[2020.03.31-15.50.20:205][  0]LogTemp: Display: Module 'AndroidTargetPlatform' loaded TargetPlatform 'Android_ETC2Client'
[2020.03.31-15.50.20:205][  0]LogTemp: Display: Module 'AndroidTargetPlatform' loaded TargetPlatform 'Android_PVRTCClient'
[2020.03.31-15.50.20:205][  0]LogTemp: Display: Module 'AndroidTargetPlatform' loaded TargetPlatform 'Android_Multi'
[2020.03.31-15.50.20:205][  0]LogTemp: Display: Module 'AndroidTargetPlatform' loaded TargetPlatform 'Android_MultiClient'
[2020.03.31-15.50.20:208][  0]LogTemp: Display: Module 'HTML5TargetPlatform' loaded TargetPlatform 'HTML5'
[2020.03.31-15.50.20:225][  0]LogTemp: Display: Module 'IOSTargetPlatform' loaded TargetPlatform 'IOSClient'
[2020.03.31-15.50.20:225][  0]LogTemp: Display: Module 'IOSTargetPlatform' loaded TargetPlatform 'IOS'
[2020.03.31-15.50.20:249][  0]LogTemp: Display: Module 'TVOSTargetPlatform' loaded TargetPlatform 'TVOSClient'
[2020.03.31-15.50.20:250][  0]LogTemp: Display: Module 'TVOSTargetPlatform' loaded TargetPlatform 'TVOS'
[2020.03.31-15.50.20:256][  0]LogTemp: Display: Module 'LinuxClientTargetPlatform' loaded TargetPlatform 'LinuxClient'
[2020.03.31-15.50.20:262][  0]LogTemp: Display: Module 'LinuxNoEditorTargetPlatform' loaded TargetPlatform 'LinuxNoEditor'
[2020.03.31-15.50.20:269][  0]LogTemp: Display: Module 'LinuxServerTargetPlatform' loaded TargetPlatform 'LinuxServer'
[2020.03.31-15.50.20:275][  0]LogTemp: Display: Module 'LinuxTargetPlatform' loaded TargetPlatform 'Linux'
[2020.03.31-15.50.20:297][  0]LogTemp: Display: Module 'LuminTargetPlatform' loaded TargetPlatform 'Lumin'
[2020.03.31-15.50.20:297][  0]LogTemp: Display: Module 'LuminTargetPlatform' loaded TargetPlatform 'LuminClient'
[2020.03.31-15.50.20:297][  0]LogTargetPlatformManager: Display: Building Assets For Windows
[2020.03.31-15.50.20:307][  0]LogAudioDebug: Display: Lib vorbis DLL was dynamically loaded.
[2020.03.31-15.50.20:360][  0]LogShaderCompilers: Guid format shader working directory is 1 characters bigger than the processId version (../../../../../Unreal Projects/ProjecteAplicat/Intermediate/Shaders/WorkingDirectory/6948/).
[2020.03.31-15.50.20:360][  0]LogShaderCompilers: Cleaned the shader compiler working directory 'C:/Users/Usuari/AppData/Local/Temp/UnrealShaderWorkingDir/C85104454107C4CD18AF2089777CE10D/'.
[2020.03.31-15.50.20:362][  0]LogXGEController: Cleaning working directory: C:/Users/Usuari/AppData/Local/Temp/UnrealXGEWorkingDir/
[2020.03.31-15.50.20:362][  0]LogXGEController: Cannot use XGE Controller as Incredibuild is not installed on this machine.
[2020.03.31-15.50.20:362][  0]LogShaderCompilers: Cannot use XGE Shader Compiler as Incredibuild is not installed on this machine.
[2020.03.31-15.50.20:362][  0]LogShaderCompilers: Display: Using Local Shader Compiler.
[2020.03.31-15.50.20:974][  0]LogDerivedDataCache: Display: Max Cache Size: 512 MB
[2020.03.31-15.50.21:030][  0]LogDerivedDataCache: Loaded boot cache 0.06s 73MB C:/Users/Usuari/AppData/Local/UnrealEngine/4.23/DerivedDataCache/Boot.ddc.
[2020.03.31-15.50.21:030][  0]LogDerivedDataCache: Display: Loaded Boot cache: C:/Users/Usuari/AppData/Local/UnrealEngine/4.23/DerivedDataCache/Boot.ddc
[2020.03.31-15.50.21:030][  0]LogDerivedDataCache: FDerivedDataBackendGraph:  Pak pak cache file ../../../../../Unreal Projects/ProjecteAplicat/DerivedDataCache/DDC.ddp not found, will not use a pak cache.
[2020.03.31-15.50.21:030][  0]LogDerivedDataCache: Unable to find inner node Pak for hierarchical cache Hierarchy.
[2020.03.31-15.50.21:030][  0]LogDerivedDataCache: FDerivedDataBackendGraph:  CompressedPak pak cache file ../../../../../Unreal Projects/ProjecteAplicat/DerivedDataCache/Compressed.ddp not found, will not use a pak cache.
[2020.03.31-15.50.21:030][  0]LogDerivedDataCache: Unable to find inner node CompressedPak for hierarchical cache Hierarchy.
[2020.03.31-15.50.21:041][  0]LogDerivedDataCache: Display: Pak cache opened for reading ../../../Engine/DerivedDataCache/Compressed.ddp.
[2020.03.31-15.50.21:041][  0]LogDerivedDataCache: FDerivedDataBackendGraph:  EnterprisePak pak cache file ../../../Enterprise/DerivedDataCache/Compressed.ddp not found, will not use a pak cache.
[2020.03.31-15.50.21:041][  0]LogDerivedDataCache: Unable to find inner node EnterprisePak for hierarchical cache Hierarchy.
[2020.03.31-15.50.21:042][  0]LogDerivedDataCache: Using Local data cache path C:/Users/Usuari/AppData/Local/UnrealEngine/Common/DerivedDataCache: Writable
[2020.03.31-15.50.21:043][  0]LogDerivedDataCache: Shared data cache path not found in *engine.ini, will not use an Shared cache.
[2020.03.31-15.50.21:043][  0]LogDerivedDataCache: Unable to find inner node Shared for hierarchical cache Hierarchy.
[2020.03.31-15.50.21:062][  0]LogMaterial: Verifying Global Shaders for PCD3D_SM5
[2020.03.31-15.50.21:064][  0]LogSlate: Using FreeType 2.6.0
[2020.03.31-15.50.21:065][  0]LogSlate: SlateFontServices - WITH_FREETYPE: 1, WITH_HARFBUZZ: 1
[2020.03.31-15.50.21:184][  0]LogAssetRegistry: FAssetRegistry took 0.0021 seconds to start up
[2020.03.31-15.50.21:454][  0]LogInit: Selected Device Profile: [Windows]
[2020.03.31-15.50.21:607][  0]LogMeshReduction: Using QuadricMeshReduction for automatic static mesh reduction
[2020.03.31-15.50.21:607][  0]LogMeshReduction: Using SimplygonMeshReduction for automatic skeletal mesh reduction
[2020.03.31-15.50.21:607][  0]LogMeshReduction: Using ProxyLODMeshReduction for automatic mesh merging
[2020.03.31-15.50.21:607][  0]LogMeshReduction: No distributed automatic mesh merging module available
[2020.03.31-15.50.21:607][  0]LogMeshMerging: No distributed automatic mesh merging module available
[2020.03.31-15.50.21:618][  0]LogNetVersion: ProjecteAplicat 1.0.0, NetCL: 8386587, EngineNetVer: 11, GameNetVer: 0 (Checksum: 2440457528)
[2020.03.31-15.50.22:036][  0]LogPackageLocalizationCache: Processed 12 localized package path(s) for 1 prioritized culture(s) in 0.038469 seconds
[2020.03.31-15.50.22:042][  0]LogUObjectArray: 43444 objects as part of root set at end of initial load.
[2020.03.31-15.50.22:042][  0]LogUObjectAllocator: 7548648 out of 0 bytes used by permanent object pool.
[2020.03.31-15.50.22:042][  0]LogUObjectArray: CloseDisregardForGC: 0/0 objects in disregard for GC pool
[2020.03.31-15.50.23:597][  0]LogSubstanceCoreModule: Substance [CPU] Engine Loaded, Max Texture Size = 2048
[2020.03.31-15.50.23:602][  0]LogTcpMessaging: Initializing TcpMessaging bridge
[2020.03.31-15.50.23:610][  0]LogUdpMessaging: Initializing bridge on interface 0.0.0.0:0 to multicast group 230.0.0.1:6666.
[2020.03.31-15.50.23:671][  0]SourceControl: Source control is disabled
[2020.03.31-15.50.23:671][  0]SourceControl: Source control is disabled
[2020.03.31-15.50.23:673][  0]SourceControl: Source control is disabled
[2020.03.31-15.50.23:674][  0]SourceControl: Source control is disabled
[2020.03.31-15.50.23:893][  0]LogAndroidPermission: UAndroidPermissionCallbackProxy::GetInstance
[2020.03.31-15.50.24:044][  0]LogOcInput: OculusInput pre-init called
[2020.03.31-15.50.24:051][  0]LogWindows: Failed to load 'OVRPlugin.dll' (GetLastError=126)
[2020.03.31-15.50.24:051][  0]LogWindows: File 'OVRPlugin.dll' does not exist
[2020.03.31-15.50.24:178][  0]LogEngine: Initializing Engine...
[2020.03.31-15.50.24:179][  0]LogHMD: Failed to initialize OpenVR with code 110
[2020.03.31-15.50.24:181][  0]LogStats: UGameplayTagsManager::InitializeManager -  0.000 s
[2020.03.31-15.50.24:401][  0]LogInit: Initializing FReadOnlyCVARCache
[2020.03.31-15.50.24:414][  0]LogAIModule: Creating AISystem for world Untitled
[2020.03.31-15.50.24:446][  0]LogInit: XAudio2 using 'Altavoces (Realtek High Definition Audio)' : 2 channels at 48 kHz using 32 bits per sample (channel mask 0x3)
[2020.03.31-15.50.24:473][  0]LogInit: FAudioDevice initialized.
[2020.03.31-15.50.24:474][  0]LogNetVersion: Set ProjectVersion to 1.0.0.0. Version Checksum will be recalculated on next use.
[2020.03.31-15.50.24:544][  0]LogDerivedDataCache: Saved boot cache 0.07s 73MB C:/Users/Usuari/AppData/Local/UnrealEngine/4.23/DerivedDataCache/Boot.ddc.
[2020.03.31-15.50.24:548][  0]LogInit: Texture streaming: Enabled
[2020.03.31-15.50.24:569][  0]LogEngineSessionManager: EngineSessionManager initialized
[2020.03.31-15.50.24:569][  0]LogEditorSessionSummary: Verbose: Initializing EditorSessionSummaryWriter for editor session tracking
[2020.03.31-15.50.24:574][  0]LogEditorSessionSummary: EditorSessionSummaryWriter initialized
[2020.03.31-15.50.24:610][  0]LogInit: Transaction tracking system initialized
[2020.03.31-15.50.24:639][  0]BlueprintLog: New page: Editor Load
[2020.03.31-15.50.24:711][  0]LocalizationService: Localization service is disabled
[2020.03.31-15.50.24:934][  0]LogCook: Display: Max memory allowance for cook 16384mb min free memory 0mb
[2020.03.31-15.50.24:934][  0]LogCook: Display: Mobile HDR setting 1
[2020.03.31-15.50.25:157][  0]LogFileCache: Scanning file cache for directory 'D:/Unreal Projects/ProjecteAplicat/Content/' took 0.01s
[2020.03.31-15.50.25:157][  0]SourceControl: Source control is disabled
[2020.03.31-15.50.25:157][  0]Cmd: MAP LOAD FILE="../../../../../Unreal Projects/ProjecteAplicat/Content/FirstPersonBP/Maps/FirstPersonExampleMap.umap" TEMPLATE=0 SHOWPROGRESS=1 FEATURELEVEL=3
[2020.03.31-15.50.25:157][  0]LightingResults: New page: Lighting Build
[2020.03.31-15.50.25:160][  0]LogWorld: UWorld::CleanupWorld for Untitled, bSessionEnded=true, bCleanupResources=true
[2020.03.31-15.50.25:160][  0]MapCheck: New page: Map Check
[2020.03.31-15.50.25:160][  0]LightingResults: New page: Lighting Build
[2020.03.31-15.50.25:180][  0]LogUObjectHash: Compacting FUObjectHashTables data took   1.78ms
[2020.03.31-15.50.25:275][  0]LogAIModule: Creating AISystem for world FirstPersonExampleMap
[2020.03.31-15.50.25:289][  0]LogEditorServer: Finished looking for orphan Actors (0.000 secs)
[2020.03.31-15.50.25:312][  0]LogUObjectHash: Compacting FUObjectHashTables data took   1.87ms
[2020.03.31-15.50.25:312][  0]Cmd: MAP CHECKDEP NOCLEARLOG
[2020.03.31-15.50.25:312][  0]MapCheck: Map check complete: 0 Error(s), 0 Warning(s), took 0.073ms to complete.
[2020.03.31-15.50.25:312][  0]LogFileHelpers: Loading map 'FirstPersonExampleMap' took 0.155
[2020.03.31-15.50.25:403][  0]LogSlate: Updating window title bar state: overlay mode, drag disabled, window buttons hidden, title bar hidden
[2020.03.31-15.50.25:409][  0]LogSlate: Updating window title bar state: overlay mode, drag disabled, window buttons hidden, title bar hidden
[2020.03.31-15.50.25:415][  0]LogSlate: Updating window title bar state: overlay mode, drag disabled, window buttons hidden, title bar hidden
[2020.03.31-15.50.25:422][  0]LogSlate: Updating window title bar state: overlay mode, drag disabled, window buttons hidden, title bar hidden
[2020.03.31-15.50.25:428][  0]LogCollectionManager: Loaded 0 collections in 0.001592 seconds
[2020.03.31-15.50.25:436][  0]LogFileCache: Scanning file cache for directory 'D:/Unreal Projects/ProjecteAplicat/Saved/Collections/' took 0.00s
[2020.03.31-15.50.25:436][  0]LogFileCache: Scanning file cache for directory 'D:/Unreal Projects/ProjecteAplicat/Content/Developers/Usuari/Collections/' took 0.00s
[2020.03.31-15.50.25:436][  0]LogFileCache: Scanning file cache for directory 'D:/Unreal Projects/ProjecteAplicat/Content/Collections/' took 0.00s
[2020.03.31-15.50.25:436][  0]LogCollectionManager: Rebuilt the GUID cache for 0 collections in 0.000001 seconds
[2020.03.31-15.50.25:443][  0]LogContentBrowser: Native class hierarchy populated in 0.0069 seconds. Added 2877 classes and 686 folders.
[2020.03.31-15.50.25:449][  0]LogContentBrowser: Native class hierarchy updated for 'WidgetCarousel' in 0.0003 seconds. Added 0 classes and 0 folders.
[2020.03.31-15.50.25:541][  0]LogContentBrowser: Native class hierarchy updated for 'AddContentDialog' in 0.0002 seconds. Added 0 classes and 0 folders.
[2020.03.31-15.50.25:546][  0]LogContentBrowser: Native class hierarchy updated for 'SceneOutliner' in 0.0003 seconds. Added 1 classes and 2 folders.
[2020.03.31-15.50.25:563][  0]LogSlate: Took 0.000330 seconds to synchronously load lazily loaded font '../../../Engine/Content/Slate/Fonts/Roboto-Regular.ttf' (155K)
[2020.03.31-15.50.25:564][  0]LogSlate: Took 0.000282 seconds to synchronously load lazily loaded font '../../../Engine/Content/Slate/Fonts/Roboto-Bold.ttf' (160K)
[2020.03.31-15.50.25:568][  0]LogSlate: Took 0.000252 seconds to synchronously load lazily loaded font '../../../Engine/Content/Editor/Slate/Fonts/FontAwesome.ttf' (139K)
[2020.03.31-15.50.25:625][  0]LogRenderer: Reallocating scene render targets to support 1208x652 Format 10 NumSamples 1 (Frame:1).
[2020.03.31-15.50.25:699][  0]LogContentBrowser: Native class hierarchy updated for 'HierarchicalLODOutliner' in 0.0003 seconds. Added 0 classes and 0 folders.
[2020.03.31-15.50.25:699][  0]LogLoad: (Engine Initialization) Total time: 10.53 seconds
[2020.03.31-15.50.25:699][  0]LogLoad: (Engine Initialization) Total Blueprint compile time: 0.00 seconds
[2020.03.31-15.50.25:764][  0]LogContentStreaming: Texture pool size now 1000 MB
[2020.03.31-15.50.25:787][  1]LogSubstanceLiveLink: Warning: Unable to send data along socket, closing connection
[2020.03.31-15.50.25:821][  1]LogAssetRegistry: Asset discovery search completed in 4.6382 seconds
[2020.03.31-15.50.25:824][  1]LogCollectionManager: Rebuilt the object cache for 0 collections in 0.000004 seconds (found 0 objects)
[2020.03.31-15.50.25:824][  1]LogCollectionManager: Fixed up redirectors for 0 collections in 0.000073 seconds (updated 0 objects)
[2020.03.31-15.50.29:816][ 13]LogSlate: Took 0.000290 seconds to synchronously load lazily loaded font '../../../Engine/Content/Slate/Fonts/Roboto-Light.ttf' (167K)
[2020.03.31-15.57.26:763][257]LogEditorSessionSummary: EditorSessionSummary sent report. Type=Shutdown, SessionId={D91EB364-4447-34C9-C342-C088A33B8BE4}
[2020.03.31-15.59.58:125][395]LogEditorViewport: Clicking on Actor (LMB): BP_Sky_Sphere_C (SkySphereBlueprint)
[2020.03.31-15.59.58:602][442]LogEditorViewport: Clicking on Actor (LMB): PostProcessVolume (PostProcessVolume)
[2020.03.31-16.00.15:627][441]LogEditorViewport: Clicking on Actor (LMB): BP_Sky_Sphere_C (SkySphereBlueprint)
[2020.03.31-16.00.17:062][584]LogEditorViewport: Clicking on Actor (LMB): BP_Sky_Sphere_C (SkySphereBlueprint)
[2020.03.31-16.00.17:521][636]LogEditorViewport: Clicking on Actor (LMB): PostProcessVolume (PostProcessVolume)
[2020.03.31-16.00.24:453][458]LogEditorViewport: Clicking on Actor (LMB): BP_Sky_Sphere_C (SkySphereBlueprint)
[2020.03.31-16.00.50:246][740]LogSlate: Took 0.000314 seconds to synchronously load lazily loaded font '../../../Engine/Content/Slate/Fonts/Roboto-Light.ttf' (167K)
[2020.03.31-16.00.59:346][767]LogUObjectHash: Compacting FUObjectHashTables data took   0.66ms
[2020.03.31-16.00.59:446][767]LogSavePackage: Moving '../../../../../Unreal Projects/ProjecteAplicat/Saved/FirstPersonExampleMap_Auto166365305431CF71227571AB24B3D7952.tmp' to '../../../../../Unreal Projects/ProjecteAplicat/Saved/Autosaves/Game/FirstPersonBP/Maps/FirstPersonExampleMap_Auto1.umap'
[2020.03.31-16.00.59:450][767]LogFileHelpers: Editor autosave (incl. sublevels) for '/Game/FirstPersonBP/Maps/FirstPersonExampleMap' took 0.122
[2020.03.31-16.00.59:450][767]LogFileHelpers: Editor autosave (incl. sublevels) for all levels took 0.122
[2020.03.31-16.02.18:821][445]LogSlate: FSceneViewport::OnFocusLost() reason 0
[2020.03.31-16.02.18:946][460]LogTemp: Repeating last play command: Selected Viewport
[2020.03.31-16.02.18:951][460]LogBlueprintUserMessages: Early PlayInEditor Detection: Level '/Game/FirstPersonBP/Maps/FirstPersonExampleMap.FirstPersonExampleMap:PersistentLevel' has LevelScriptBlueprint '/Game/FirstPersonBP/Maps/FirstPersonExampleMap.FirstPersonExampleMap:PersistentLevel.FirstPersonExampleMap' with GeneratedClass '/Game/FirstPersonBP/Maps/FirstPersonExampleMap.FirstPersonExampleMap_C' with ClassGeneratedBy '/Game/FirstPersonBP/Maps/FirstPersonExampleMap.FirstPersonExampleMap:PersistentLevel.FirstPersonExampleMap'
[2020.03.31-16.02.18:951][460]LogPlayLevel: PlayLevel: No blueprints needed recompiling
[2020.03.31-16.02.18:951][460]PIE: New page: PIE session: FirstPersonExampleMap (Mar 31, 2020, 8:02:18 PM)
[2020.03.31-16.02.18:952][460]LogOnline: OSS: Creating online subsystem instance for: NULL
[2020.03.31-16.02.18:953][460]LogPlayLevel: Creating play world package: /Game/FirstPersonBP/Maps/UEDPIE_0_FirstPersonExampleMap
[2020.03.31-16.02.18:963][460]LogPlayLevel: PIE: StaticDuplicateObject took: (0.010927s)
[2020.03.31-16.02.18:965][460]LogAIModule: Creating AISystem for world FirstPersonExampleMap
[2020.03.31-16.02.18:965][460]LogPlayLevel: PIE: World Init took: (0.001468s)
[2020.03.31-16.02.18:965][460]LogPlayLevel: PIE: Created PIE world by copying editor world from /Game/FirstPersonBP/Maps/FirstPersonExampleMap.FirstPersonExampleMap to /Game/FirstPersonBP/Maps/UEDPIE_0_FirstPersonExampleMap.FirstPersonExampleMap (0.012640s)
[2020.03.31-16.02.18:985][460]LogUObjectHash: Compacting FUObjectHashTables data took   1.43ms
[2020.03.31-16.02.19:003][460]LogInit: XAudio2 using 'Altavoces (Realtek High Definition Audio)' : 2 channels at 48 kHz using 32 bits per sample (channel mask 0x3)
[2020.03.31-16.02.19:023][460]LogInit: FAudioDevice initialized.
[2020.03.31-16.02.19:034][460]LogLoad: Game class is 'FirstPersonGameMode_C'
[2020.03.31-16.02.19:036][460]LogWorld: Bringing World /Game/FirstPersonBP/Maps/UEDPIE_0_FirstPersonExampleMap.FirstPersonExampleMap up for play (max tick rate 0) at 2020.03.31-18.02.19
[2020.03.31-16.02.19:036][460]LogWorld: Bringing up level for play took: 0.000776
[2020.03.31-16.02.19:036][460]LogOnline: OSS: Creating online subsystem instance for: :Context_1
[2020.03.31-16.02.19:038][460]LogSpawn: Warning: SpawnActor failed because no class was specified
[2020.03.31-16.02.19:042][460]LogContentBrowser: Native class hierarchy updated for 'MovieSceneCapture' in 0.0003 seconds. Added 20 classes and 0 folders.
[2020.03.31-16.02.19:043][460]PIE: Play in editor start time for /Game/FirstPersonBP/Maps/UEDPIE_0_FirstPersonExampleMap 0.841
[2020.03.31-16.02.19:043][460]LogBlueprintUserMessages: Late PlayInEditor Detection: Level '/Game/FirstPersonBP/Maps/FirstPersonExampleMap.FirstPersonExampleMap:PersistentLevel' has LevelScriptBlueprint '/Game/FirstPersonBP/Maps/FirstPersonExampleMap.FirstPersonExampleMap:PersistentLevel.FirstPersonExampleMap' with GeneratedClass '/Game/FirstPersonBP/Maps/FirstPersonExampleMap.FirstPersonExampleMap_C' with ClassGeneratedBy '/Game/FirstPersonBP/Maps/FirstPersonExampleMap.FirstPersonExampleMap:PersistentLevel.FirstPersonExampleMap'
[2020.03.31-16.02.24:222][ 78]LogBlueprintUserMessages: Early EndPlayMap Detection: Level '/Game/FirstPersonBP/Maps/FirstPersonExampleMap.FirstPersonExampleMap:PersistentLevel' has LevelScriptBlueprint '/Game/FirstPersonBP/Maps/FirstPersonExampleMap.FirstPersonExampleMap:PersistentLevel.FirstPersonExampleMap' with GeneratedClass '/Game/FirstPersonBP/Maps/FirstPersonExampleMap.FirstPersonExampleMap_C' with ClassGeneratedBy '/Game/FirstPersonBP/Maps/FirstPersonExampleMap.FirstPersonExampleMap:PersistentLevel.FirstPersonExampleMap'
[2020.03.31-16.02.24:222][ 78]LogSlate: Updating window title bar state: overlay mode, drag disabled, window buttons hidden, title bar hidden
[2020.03.31-16.02.24:222][ 78]LogWorld: BeginTearingDown for /Game/FirstPersonBP/Maps/UEDPIE_0_FirstPersonExampleMap
[2020.03.31-16.02.24:223][ 78]LogWorld: UWorld::CleanupWorld for FirstPersonExampleMap, bSessionEnded=true, bCleanupResources=true
[2020.03.31-16.02.24:231][ 78]LogPlayLevel: Display: Shutting down PIE online subsystems
[2020.03.31-16.02.24:231][ 78]LogBlueprintUserMessages: Late EndPlayMap Detection: Level '/Game/FirstPersonBP/Maps/FirstPersonExampleMap.FirstPersonExampleMap:PersistentLevel' has LevelScriptBlueprint '/Game/FirstPersonBP/Maps/FirstPersonExampleMap.FirstPersonExampleMap:PersistentLevel.FirstPersonExampleMap' with GeneratedClass '/Game/FirstPersonBP/Maps/FirstPersonExampleMap.FirstPersonExampleMap_C' with ClassGeneratedBy '/Game/FirstPersonBP/Maps/FirstPersonExampleMap.FirstPersonExampleMap:PersistentLevel.FirstPersonExampleMap'
[2020.03.31-16.02.24:256][ 78]LogSlate: Updating window title bar state: overlay mode, drag disabled, window buttons hidden, title bar hidden
[2020.03.31-16.02.24:258][ 78]LogUObjectHash: Compacting FUObjectHashTables data took   1.36ms
[2020.03.31-16.02.24:324][ 84]LogPlayLevel: Display: Destroying online subsystem :Context_1
[2020.03.31-16.02.29:873][744]LogEditorViewport: Clicking on Actor (LMB): StaticMeshActor (Cube)
[2020.03.31-16.02.30:442][805]LogEditorViewport: Clicking on Actor (LMB): StaticMeshActor (Cube)
[2020.03.31-16.02.31:172][891]LogEditorViewport: Clicking on Actor (LMB): FirstPersonCharacter_C (FirstPersonCharacter)
[2020.03.31-16.02.36:037][434]LogEditorViewport: Clicking on Actor (LMB): StaticMeshActor (Cube)
[2020.03.31-16.02.36:455][479]LogEditorViewport: Clicking on Actor (LMB): PlayerStart (NetworkPlayerStart)
[2020.03.31-16.02.38:553][728]LogNavigationPoint: PostEditMove Clear paths rebuilt
[2020.03.31-16.02.45:829][577]LogNavigationPoint: PostEditMove Clear paths rebuilt
[2020.03.31-16.02.47:116][730]LogEditorViewport: Clicking on Actor (LMB): PostProcessVolume (PostProcessVolume)
[2020.03.31-16.02.47:867][814]LogEditorViewport: Clicking on Actor (LMB): FirstPersonCharacter_C (FirstPersonCharacter)
[2020.03.31-16.02.58:747][ 72]LogEditorViewport: Clicking on Actor (LMB): PlayerStart (NetworkPlayerStart)
[2020.03.31-16.03.01:893][433]LogNavigationPoint: PostEditMove Clear paths rebuilt
[2020.03.31-16.03.07:441][ 94]LogNavigationPoint: PostEditMove Clear paths rebuilt
[2020.03.31-16.03.08:281][192]LogEditorViewport: Clicking on Actor (LMB): BP_Sky_Sphere_C (SkySphereBlueprint)
[2020.03.31-16.03.09:789][344]LogEditorViewport: Clicking on Actor (LMB): PlayerStart (NetworkPlayerStart)
[2020.03.31-16.03.11:704][543]LogEditorViewport: Clicking on Actor (LMB): BP_Sky_Sphere_C (SkySphereBlueprint)
[2020.03.31-16.03.13:717][771]LogEditorViewport: Clicking on Actor (LMB): FirstPersonCharacter_C (FirstPersonCharacter)
[2020.03.31-16.03.25:782][189]LogEditorViewport: Clicking on Actor (LMB): BP_Sky_Sphere_C (SkySphereBlueprint)
[2020.03.31-16.03.26:291][240]LogEditorViewport: Clicking on Actor (LMB): StaticMeshActor (Cube)
[2020.03.31-16.03.38:340][678]LogEditorViewport: Clicking on Actor (LMB): BP_Sky_Sphere_C (SkySphereBlueprint)
[2020.03.31-16.03.42:586][164]LogEditorViewport: Clicking on Actor (LMB): LightmassImportanceVolume (LightmassImportanceVolume)
[2020.03.31-16.03.48:909][906]LogEditorViewport: Clicking on Actor (LMB): PostProcessVolume (PostProcessVolume)
[2020.03.31-16.09.41:589][822]Cmd: SELECT NONE
[2020.03.31-16.11.05:300][618]LogUObjectHash: Compacting FUObjectHashTables data took   1.58ms
[2020.03.31-16.11.05:426][618]LogSavePackage: Moving '../../../../../Unreal Projects/ProjecteAplicat/Saved/FirstPersonExampleMap_Auto2C5C5635D44990AE7E4F14FB6856300BF.tmp' to '../../../../../Unreal Projects/ProjecteAplicat/Saved/Autosaves/Game/FirstPersonBP/Maps/FirstPersonExampleMap_Auto2.umap'
[2020.03.31-16.11.05:430][618]LogFileHelpers: Editor autosave (incl. sublevels) for '/Game/FirstPersonBP/Maps/FirstPersonExampleMap' took 0.158
[2020.03.31-16.11.05:430][618]LogFileHelpers: Editor autosave (incl. sublevels) for all levels took 0.158
[2020.03.31-17.32.17:437][597]LogSlate: FSceneViewport::OnFocusLost() reason 0
[2020.03.31-17.32.17:596][613]LogUObjectHash: Compacting FUObjectHashTables data took   3.22ms
[2020.03.31-17.32.19:135][613]LogSlate: Window 'Save Content' being destroyed
[2020.03.31-17.32.19:177][613]LogUObjectHash: Compacting FUObjectHashTables data took   0.60ms
[2020.03.31-17.32.19:301][613]LogSavePackage: Moving '../../../../../Unreal Projects/ProjecteAplicat/Saved/FirstPersonExampleMap67AD1B764C4EBF97E2FB73BE388DF185.tmp' to '../../../../../Unreal Projects/ProjecteAplicat/Content/FirstPersonBP/Maps/FirstPersonExampleMap.umap'
[2020.03.31-17.32.19:316][613]LogFileHelpers: Saving map 'FirstPersonExampleMap' took 0.161
[2020.03.31-17.32.19:346][613]LogSlate: Window 'ProjecteAplicat - Unreal Editor' being destroyed
[2020.03.31-17.32.19:455][614]Cmd: QUIT_EDITOR
[2020.03.31-17.32.20:289][614]LogWindowsTextInputMethodSystem: Display: IME system now deactivated.
[2020.03.31-17.32.20:308][614]LogExit: Preparing to exit.
[2020.03.31-17.32.20:741][614]LogWorld: UWorld::CleanupWorld for World_1, bSessionEnded=true, bCleanupResources=true
[2020.03.31-17.32.20:741][614]LogWorld: UWorld::CleanupWorld for World_0, bSessionEnded=true, bCleanupResources=true
[2020.03.31-17.32.20:759][614]LogDirectoryWatcher: A directory notification failed for 'D:/Unreal Projects/ProjecteAplicat/Content/', and we were unable to create a new request.
[2020.03.31-17.32.20:772][614]LogDemo: Cleaned up 0 splitscreen connections with owner deletion
[2020.03.31-17.32.20:792][614]LogWorld: UWorld::CleanupWorld for None, bSessionEnded=true, bCleanupResources=true
[2020.03.31-17.32.20:792][614]LogExit: Editor shut down
[2020.03.31-17.32.20:794][614]LogExit: Transaction tracking system shut down
[2020.03.31-17.32.21:122][614]LogExit: Object subsystem successfully closed.
[2020.03.31-17.32.21:136][614]LogShaderCompilers: Display: Shaders left to compile 0
[2020.03.31-17.32.21:149][614]LogModuleManager: Shutting down and abandoning module MovieSceneCapture (680)
[2020.03.31-17.32.21:149][614]LogModuleManager: Shutting down and abandoning module Voice (678)
[2020.03.31-17.32.21:149][614]LogModuleManager: Shutting down and abandoning module HierarchicalLODOutliner (676)
[2020.03.31-17.32.21:149][614]LogModuleManager: Shutting down and abandoning module SceneOutliner (674)
[2020.03.31-17.32.21:149][614]LogModuleManager: Shutting down and abandoning module AddContentDialog (672)
[2020.03.31-17.32.21:155][614]LogModuleManager: Shutting down and abandoning module WidgetCarousel (671)
[2020.03.31-17.32.21:155][614]LogModuleManager: Shutting down and abandoning module EditorWidgets (668)
[2020.03.31-17.32.21:155][614]LogModuleManager: Shutting down and abandoning module CollectionManager (666)
[2020.03.31-17.32.21:155][614]LogModuleManager: Shutting down and abandoning module StatsViewer (664)
[2020.03.31-17.32.21:155][614]LogModuleManager: Shutting down and abandoning module VirtualTexturingEditor (662)
[2020.03.31-17.32.21:155][614]LogModuleManager: Shutting down and abandoning module FoliageEdit (660)
[2020.03.31-17.32.21:155][614]LogModuleManager: Shutting down and abandoning module LandscapeEditor (658)
[2020.03.31-17.32.21:155][614]LogModuleManager: Shutting down and abandoning module MeshPaintMode (656)
[2020.03.31-17.32.21:155][614]LogModuleManager: Shutting down and abandoning module SceneDepthPickerMode (654)
[2020.03.31-17.32.21:155][614]LogModuleManager: Shutting down and abandoning module ActorPickerMode (652)
[2020.03.31-17.32.21:155][614]LogModuleManager: Shutting down and abandoning module GeometryMode (650)
[2020.03.31-17.32.21:155][614]LogModuleManager: Shutting down and abandoning module TextureAlignMode (648)
[2020.03.31-17.32.21:155][614]LogModuleManager: Shutting down and abandoning module BspMode (646)
[2020.03.31-17.32.21:155][614]LogModuleManager: Shutting down and abandoning module PIEPreviewDeviceProfileSelector (644)
[2020.03.31-17.32.21:155][614]LogModuleManager: Shutting down and abandoning module SequenceRecorderSections (642)
[2020.03.31-17.32.21:155][614]LogModuleManager: Shutting down and abandoning module AutomationWorker (640)
[2020.03.31-17.32.21:155][614]LogModuleManager: Shutting down and abandoning module OculusMR (638)
[2020.03.31-17.32.21:155][614]LogModuleManager: Shutting down and abandoning module AudioCaptureEditor (636)
[2020.03.31-17.32.21:155][614]LogModuleManager: Shutting down and abandoning module MatineeToLevelSequence (634)
[2020.03.31-17.32.21:156][614]LogModuleManager: Shutting down and abandoning module LevelSequenceEditor (632)
[2020.03.31-17.32.21:156][614]LogModuleManager: Shutting down and abandoning module PlacementMode (631)
[2020.03.31-17.32.21:156][614]LogModuleManager: Shutting down and abandoning module MaterialEditor (630)
[2020.03.31-17.32.21:156][614]LogModuleManager: Shutting down and abandoning module ActorSequenceEditor (626)
[2020.03.31-17.32.21:156][614]LogModuleManager: Shutting down and abandoning module WmfMediaFactory (624)
[2020.03.31-17.32.21:156][614]LogModuleManager: Shutting down and abandoning module WmfMediaEditor (622)
[2020.03.31-17.32.21:156][614]LogModuleManager: Shutting down and abandoning module WebMMediaFactory (620)
[2020.03.31-17.32.21:156][614]LogModuleManager: Shutting down and abandoning module WebMMediaEditor (618)
[2020.03.31-17.32.21:156][614]LogModuleManager: Shutting down and abandoning module WebMMedia (616)
[2020.03.31-17.32.21:156][614]LogModuleManager: Shutting down and abandoning module MediaPlayerEditor (614)
[2020.03.31-17.32.21:156][614]LogModuleManager: Shutting down and abandoning module MediaCompositingEditor (612)
[2020.03.31-17.32.21:156][614]LogModuleManager: Shutting down and abandoning module SequenceRecorder (611)
[2020.03.31-17.32.21:156][614]LogModuleManager: Shutting down and abandoning module OpenExrWrapper (608)
[2020.03.31-17.32.21:156][614]LogModuleManager: Shutting down and abandoning module ImgMediaFactory (606)
[2020.03.31-17.32.21:156][614]LogModuleManager: Shutting down and abandoning module ImgMediaEditor (604)
[2020.03.31-17.32.21:156][614]LogModuleManager: Shutting down and abandoning module AvfMediaFactory (602)
[2020.03.31-17.32.21:156][614]LogModuleManager: Shutting down and abandoning module AvfMediaEditor (600)
[2020.03.31-17.32.21:156][614]LogModuleManager: Shutting down and abandoning module AndroidMediaFactory (598)
[2020.03.31-17.32.21:156][614]LogModuleManager: Shutting down and abandoning module AndroidMediaEditor (596)
[2020.03.31-17.32.21:156][614]LogModuleManager: Shutting down and abandoning module MagicLeapCameraPreviewFactory (594)
[2020.03.31-17.32.21:156][614]LogModuleManager: Shutting down and abandoning module MagicLeapMediaCodecFactory (592)
[2020.03.31-17.32.21:156][614]LogModuleManager: Shutting down and abandoning module MagicLeapMediaFactory (590)
[2020.03.31-17.32.21:156][614]LogModuleManager: Shutting down and abandoning module MagicLeapMediaEditor (588)
[2020.03.31-17.32.21:156][614]LogModuleManager: Shutting down and abandoning module CharacterAI (586)
[2020.03.31-17.32.21:156][614]LogModuleManager: Shutting down and abandoning module SmartSnapping (584)
[2020.03.31-17.32.21:156][614]LogModuleManager: Shutting down and abandoning module SessionServices (582)
[2020.03.31-17.32.21:157][614]LogModuleManager: Shutting down and abandoning module MeshPaint (580)
[2020.03.31-17.32.21:157][614]LogModuleManager: Shutting down and abandoning module ViewportSnapping (578)
[2020.03.31-17.32.21:157][614]LogModuleManager: Shutting down and abandoning module ViewportInteraction (576)
[2020.03.31-17.32.21:157][614]LogModuleManager: Shutting down and abandoning module ClothPainter (574)
[2020.03.31-17.32.21:157][614]LogModuleManager: Shutting down and abandoning module SkeletalMeshEditor (573)
[2020.03.31-17.32.21:159][614]LogModuleManager: Shutting down and abandoning module LogVisualizer (570)
[2020.03.31-17.32.21:159][614]LogModuleManager: Shutting down and abandoning module IntroTutorials (568)
[2020.03.31-17.32.21:160][614]LogModuleManager: Shutting down and abandoning module GameProjectGeneration (567)
[2020.03.31-17.32.21:160][614]LogModuleManager: Shutting down and abandoning module LuminPlatformEditor (564)
[2020.03.31-17.32.21:160][614]LogModuleManager: Shutting down and abandoning module IOSPlatformEditor (562)
[2020.03.31-17.32.21:160][614]LogModuleManager: Shutting down and abandoning module HTML5PlatformEditor (560)
[2020.03.31-17.32.21:160][614]LogModuleManager: Shutting down and abandoning module AndroidPlatformEditor (558)
[2020.03.31-17.32.21:160][614]LogModuleManager: Shutting down and abandoning module AndroidDeviceDetection (557)
[2020.03.31-17.32.22:333][614]LogModuleManager: Shutting down and abandoning module WindowsPlatformEditor (554)
[2020.03.31-17.32.22:333][614]LogModuleManager: Shutting down and abandoning module LuminRuntimeSettings (552)
[2020.03.31-17.32.22:333][614]LogModuleManager: Shutting down and abandoning module IOSRuntimeSettings (550)
[2020.03.31-17.32.22:333][614]LogModuleManager: Shutting down and abandoning module AndroidRuntimeSettings (548)
[2020.03.31-17.32.22:333][614]LogModuleManager: Shutting down and abandoning module TimeManagementEditor (546)
[2020.03.31-17.32.22:333][614]LogModuleManager: Shutting down and abandoning module InputBindingEditor (544)
[2020.03.31-17.32.22:333][614]LogModuleManager: Shutting down and abandoning module MergeActors (542)
[2020.03.31-17.32.22:333][614]LogModuleManager: Shutting down and abandoning module LocalizationDashboard (540)
[2020.03.31-17.32.22:334][614]LogModuleManager: Shutting down and abandoning module LocalizationService (539)
[2020.03.31-17.32.22:334][614]LogModuleManager: Shutting down and abandoning module HardwareTargeting (536)
[2020.03.31-17.32.22:334][614]LogModuleManager: Shutting down and abandoning module DeviceProfileEditor (534)
[2020.03.31-17.32.22:334][614]LogModuleManager: Shutting down and abandoning module UndoHistory (532)
[2020.03.31-17.32.22:334][614]LogModuleManager: Shutting down and abandoning module XmlParser (530)
[2020.03.31-17.32.22:334][614]LogModuleManager: Shutting down and abandoning module Blutility (528)
[2020.03.31-17.32.22:334][614]LogModuleManager: Shutting down and abandoning module ProjectSettingsViewer (526)
[2020.03.31-17.32.22:334][614]LogModuleManager: Shutting down and abandoning module ProjectTargetPlatformEditor (525)
[2020.03.31-17.32.22:335][614]LogModuleManager: Shutting down and abandoning module EditorSettingsViewer (522)
[2020.03.31-17.32.22:335][614]LogModuleManager: Shutting down and abandoning module SettingsEditor (520)
[2020.03.31-17.32.22:335][614]LogModuleManager: Shutting down and abandoning module ProjectLauncher (518)
[2020.03.31-17.32.22:335][614]LogModuleManager: Shutting down and abandoning module SessionFrontend (516)
[2020.03.31-17.32.22:335][614]LogModuleManager: Shutting down and abandoning module ProfilerClient (514)
[2020.03.31-17.32.22:335][614]LogModuleManager: Shutting down and abandoning module DeviceManager (512)
[2020.03.31-17.32.22:335][614]LogModuleManager: Shutting down and abandoning module TargetDeviceServices (511)
[2020.03.31-17.32.22:389][614]LogModuleManager: Shutting down and abandoning module AutomationController (508)
[2020.03.31-17.32.22:389][614]LogModuleManager: Shutting down and abandoning module AutomationWindow (506)
[2020.03.31-17.32.22:389][614]LogModuleManager: Shutting down and abandoning module Layers (504)
[2020.03.31-17.32.22:389][614]LogModuleManager: Shutting down and abandoning module ComponentVisualizers (502)
[2020.03.31-17.32.22:389][614]LogModuleManager: Shutting down and abandoning module DetailCustomizations (500)
[2020.03.31-17.32.22:389][614]LogModuleManager: Shutting down and abandoning module PackagesDialog (498)
[2020.03.31-17.32.22:389][614]LogModuleManager: Shutting down and abandoning module AnimationBlueprintEditor (496)
[2020.03.31-17.32.22:390][614]LogModuleManager: Shutting down and abandoning module Persona (494)
[2020.03.31-17.32.22:390][614]LogModuleManager: Shutting down and abandoning module AdvancedPreviewScene (493)
[2020.03.31-17.32.22:390][614]LogModuleManager: Shutting down and abandoning module AnimGraph (491)
[2020.03.31-17.32.22:390][614]LogModuleManager: Shutting down and abandoning module Kismet (488)
[2020.03.31-17.32.22:390][614]LogModuleManager: Shutting down and abandoning module KismetWidgets (487)
[2020.03.31-17.32.22:390][614]LogModuleManager: Shutting down and abandoning module GraphEditor (484)
[2020.03.31-17.32.22:391][614]LogModuleManager: Shutting down and abandoning module StructViewer (482)
[2020.03.31-17.32.22:391][614]LogModuleManager: Shutting down and abandoning module ClassViewer (480)
[2020.03.31-17.32.22:391][614]LogModuleManager: Shutting down and abandoning module Toolbox (478)
[2020.03.31-17.32.22:391][614]LogModuleManager: Shutting down and abandoning module ModuleUI (476)
[2020.03.31-17.32.22:391][614]LogModuleManager: Shutting down and abandoning module MovieSceneTools (474)
[2020.03.31-17.32.22:391][614]LogModuleManager: Shutting down and abandoning module OutputLog (472)
[2020.03.31-17.32.22:392][614]LogModuleManager: Shutting down and abandoning module GammaUI (470)
[2020.03.31-17.32.22:392][614]LogModuleManager: Shutting down and abandoning module Documentation (468)
[2020.03.31-17.32.22:392][614]LogModuleManager: Shutting down and abandoning module LiveCoding (466)
[2020.03.31-17.32.22:393][614]LogModuleManager: Shutting down and abandoning module LevelSequence (464)
[2020.03.31-17.32.22:393][614]LogModuleManager: Shutting down and abandoning module MovieSceneTracks (462)
[2020.03.31-17.32.22:393][614]LogModuleManager: Shutting down and abandoning module MovieScene (460)
[2020.03.31-17.32.22:393][614]LogModuleManager: Shutting down and abandoning module StreamingPauseRendering (458)
[2020.03.31-17.32.22:393][614]LogModuleManager: Shutting down and abandoning module LauncherPlatform (456)
[2020.03.31-17.32.22:393][614]LogModuleManager: Shutting down and abandoning module AnalyticsET (454)
[2020.03.31-17.32.22:393][614]LogModuleManager: Shutting down and abandoning module PortalServices (452)
[2020.03.31-17.32.22:393][614]LogModuleManager: Shutting down and abandoning module PortalRpc (450)
[2020.03.31-17.32.22:393][614]LogModuleManager: Shutting down and abandoning module MessagingRpc (448)
[2020.03.31-17.32.22:393][614]LogModuleManager: Shutting down and abandoning module AIModule (446)
[2020.03.31-17.32.22:393][614]LogModuleManager: Shutting down and abandoning module GameplayDebugger (445)
[2020.03.31-17.32.22:393][614]LogModuleManager: Shutting down and abandoning module AITestSuite (443)
[2020.03.31-17.32.22:393][614]LogModuleManager: Shutting down and abandoning module NavigationSystem (441)
[2020.03.31-17.32.22:393][614]LogModuleManager: Shutting down and abandoning module DesktopPlatform (438)
[2020.03.31-17.32.22:393][614]LogModuleManager: Shutting down and abandoning module ImageWriteQueue (436)
[2020.03.31-17.32.22:401][614]LogModuleManager: Shutting down and abandoning module ProfilerService (434)
[2020.03.31-17.32.22:610][614]LogModuleManager: Shutting down and abandoning module TaskGraph (432)
[2020.03.31-17.32.22:611][614]LogModuleManager: Shutting down and abandoning module SubstanceLiveLink (430)
[2020.03.31-17.32.22:611][614]LogModuleManager: Shutting down and abandoning module SubstanceSource (428)
[2020.03.31-17.32.22:611][614]LogModuleManager: Shutting down and abandoning module SubstanceEditor (426)
[2020.03.31-17.32.22:611][614]LogModuleManager: Shutting down and abandoning module ScreenshotTools (424)
[2020.03.31-17.32.22:611][614]LogModuleManager: Shutting down and abandoning module SteamVRController (422)
[2020.03.31-17.32.22:611][614]LogModuleManager: Shutting down and abandoning module ProceduralMeshComponentEditor (420)
[2020.03.31-17.32.22:611][614]LogModuleManager: Shutting down and abandoning module ProceduralMeshComponent (418)
[2020.03.31-17.32.22:611][614]LogModuleManager: Shutting down and abandoning module OculusEditor (416)
[2020.03.31-17.32.22:611][614]LogModuleManager: Shutting down and abandoning module OculusInput (414)
[2020.03.31-17.32.22:611][614]LogModuleManager: Shutting down and abandoning module MobilePatchingUtils (412)
[2020.03.31-17.32.22:611][614]LogModuleManager: Shutting down and abandoning module EditableMesh (410)
[2020.03.31-17.32.22:611][614]LogModuleManager: Shutting down and abandoning module CustomMeshComponent (408)
[2020.03.31-17.32.22:611][614]LogModuleManager: Shutting down and abandoning module CableComponent (406)
[2020.03.31-17.32.22:611][614]LogModuleManager: Shutting down and abandoning module AudioCapture (404)
[2020.03.31-17.32.22:611][614]LogModuleManager: Shutting down and abandoning module ArchVisCharacter (402)
[2020.03.31-17.32.22:611][614]LogModuleManager: Shutting down and abandoning module AppleImageUtilsBlueprintSupport (400)
[2020.03.31-17.32.22:611][614]LogModuleManager: Shutting down and abandoning module AppleImageUtils (398)
[2020.03.31-17.32.22:611][614]LogModuleManager: Shutting down and abandoning module AndroidPermission (396)
[2020.03.31-17.32.22:611][614]LogModuleManager: Shutting down and abandoning module NUTUnrealEngine4 (394)
[2020.03.31-17.32.22:611][614]LogModuleManager: Shutting down and abandoning module NetcodeUnitTest (392)
[2020.03.31-17.32.22:612][614]LogModuleManager: Shutting down and abandoning module MediaCompositing (390)
[2020.03.31-17.32.22:612][614]LogModuleManager: Shutting down and abandoning module ImgMedia (388)
[2020.03.31-17.32.22:612][614]LogModuleManager: Shutting down and abandoning module MagicLeapHelperVulkan (386)
[2020.03.31-17.32.22:612][614]LogModuleManager: Shutting down and abandoning module MagicLeapHelperOpenGL (384)
[2020.03.31-17.32.22:612][614]LogModuleManager: Shutting down and abandoning module MagicLeapAudio (382)
[2020.03.31-17.32.22:612][614]LogModuleManager: Shutting down and abandoning module HTML5Networking (380)
[2020.03.31-17.32.22:612][614]LogModuleManager: Shutting down and abandoning module GeometryCacheTracks (378)
[2020.03.31-17.32.22:612][614]LogModuleManager: Shutting down and abandoning module GeometryCacheSequencer (376)
[2020.03.31-17.32.22:612][614]LogModuleManager: Shutting down and abandoning module BackChannel (374)
[2020.03.31-17.32.22:612][614]LogModuleManager: Shutting down and abandoning module AutomationUtilsEditor (372)
[2020.03.31-17.32.22:612][614]LogModuleManager: Shutting down and abandoning module AutomationUtils (370)
[2020.03.31-17.32.22:613][614]LogModuleManager: Shutting down and abandoning module AlembicImporter (368)
[2020.03.31-17.32.22:613][614]LogModuleManager: Shutting down and abandoning module AlembicLibrary (367)
[2020.03.31-17.32.22:613][614]LogModuleManager: Shutting down and abandoning module GeometryCache (366)
[2020.03.31-17.32.22:613][614]LogModuleManager: Shutting down and abandoning module GeometryCacheEd (365)
[2020.03.31-17.32.22:613][614]LogModuleManager: Shutting down and abandoning module VariantManagerContent (360)
[2020.03.31-17.32.22:613][614]LogModuleManager: Shutting down and abandoning module DatasmithContentEditor (358)
[2020.03.31-17.32.22:613][614]LogModuleManager: Shutting down and abandoning module SpeedTreeImporter (356)
[2020.03.31-17.32.22:613][614]LogModuleManager: Shutting down and abandoning module PluginBrowser (354)
[2020.03.31-17.32.22:613][614]LogModuleManager: Shutting down and abandoning module MobileLauncherProfileWizard (352)
[2020.03.31-17.32.22:613][614]LogModuleManager: Shutting down and abandoning module MaterialAnalyzer (350)
[2020.03.31-17.32.22:613][614]LogModuleManager: Shutting down and abandoning module CurveEditorTools (348)
[2020.03.31-17.32.22:613][614]LogModuleManager: Shutting down and abandoning module CurveEditor (347)
[2020.03.31-17.32.22:613][614]LogModuleManager: Shutting down and abandoning module CryptoKeysOpenSSL (344)
[2020.03.31-17.32.22:613][614]LogModuleManager: Shutting down and abandoning module CryptoKeys (342)
[2020.03.31-17.32.22:613][614]LogModuleManager: Shutting down and abandoning module VisualStudioSourceCodeAccess (340)
[2020.03.31-17.32.22:613][614]LogModuleManager: Shutting down and abandoning module VisualStudioCodeSourceCodeAccess (338)
[2020.03.31-17.32.22:613][614]LogModuleManager: Shutting down and abandoning module UObjectPlugin (336)
[2020.03.31-17.32.22:614][614]LogModuleManager: Shutting down and abandoning module SubversionSourceControl (334)
[2020.03.31-17.32.22:614][614]LogModuleManager: Shutting down and abandoning module PerforceSourceControl (332)
[2020.03.31-17.32.22:614][614]LogModuleManager: Shutting down and abandoning module GitSourceControl (330)
[2020.03.31-17.32.22:614][614]LogModuleManager: Shutting down and abandoning module SourceControl (329)
[2020.03.31-17.32.22:614][614]LogModuleManager: Shutting down and abandoning module CLionSourceCodeAccess (326)
[2020.03.31-17.32.22:614][614]LogModuleManager: Shutting down and abandoning module AnimationSharingEd (324)
[2020.03.31-17.32.22:614][614]LogModuleManager: Shutting down and abandoning module ActorLayerUtilitiesEditor (322)
[2020.03.31-17.32.22:614][614]LogModuleManager: Shutting down and abandoning module ActorLayerUtilities (320)
[2020.03.31-17.32.22:614][614]LogModuleManager: Shutting down and abandoning module LightPropagationVolumeEditor (318)
[2020.03.31-17.32.22:614][614]LogModuleManager: Shutting down and abandoning module PaperTiledImporter (316)
[2020.03.31-17.32.22:614][614]LogModuleManager: Shutting down and abandoning module PaperSpriteSheetImporter (314)
[2020.03.31-17.32.22:614][614]LogModuleManager: Shutting down and abandoning module Paper2DEditor (312)
[2020.03.31-17.32.22:614][614]LogModuleManager: Shutting down and abandoning module SignificanceManager (310)
[2020.03.31-17.32.22:614][614]LogModuleManager: Shutting down and abandoning module RuntimePhysXCooking (308)
[2020.03.31-17.32.22:614][614]LogModuleManager: Shutting down and abandoning module PhysXVehiclesEditor (306)
[2020.03.31-17.32.22:615][614]LogModuleManager: Shutting down and abandoning module LocationServicesBPLibrary (302)
[2020.03.31-17.32.22:615][614]LogModuleManager: Shutting down and abandoning module ActorSequence (300)
[2020.03.31-17.32.22:615][614]LogModuleManager: Shutting down and abandoning module UdpMessaging (298)
[2020.03.31-17.32.22:715][614]LogModuleManager: Shutting down and abandoning module TcpMessaging (296)
[2020.03.31-17.32.22:816][614]LogModuleManager: Shutting down and abandoning module SubstanceCore (294)
[2020.03.31-17.32.22:816][614]LogModuleManager: Shutting down and abandoning module MagicLeapIdentity (292)
[2020.03.31-17.32.22:816][614]LogModuleManager: Shutting down and abandoning module MagicLeapSecureStorage (290)
[2020.03.31-17.32.22:816][614]LogModuleManager: Shutting down and abandoning module MagicLeapHandTracking (288)
[2020.03.31-17.32.22:816][614]LogModuleManager: Shutting down and abandoning module MagicLeapEyeTracker (286)
[2020.03.31-17.32.22:816][614]LogModuleManager: Shutting down and abandoning module MagicLeapController (284)
[2020.03.31-17.32.22:817][614]LogSlate: Slate User Destroyed.  User Index 0, Is Virtual User: 0
[2020.03.31-17.32.22:817][614]LogModuleManager: Shutting down and abandoning module MagicLeapAR (282)
[2020.03.31-17.32.22:817][614]LogModuleManager: Shutting down and abandoning module AugmentedReality (281)
[2020.03.31-17.32.22:817][614]LogModuleManager: Shutting down and abandoning module GameplayTagsEditor (278)
[2020.03.31-17.32.22:817][614]LogModuleManager: Shutting down and abandoning module FacialAnimationEditor (276)
[2020.03.31-17.32.22:817][614]LogModuleManager: Shutting down and abandoning module FacialAnimation (274)
[2020.03.31-17.32.22:817][614]LogModuleManager: Shutting down and abandoning module DataValidation (272)
[2020.03.31-17.32.22:817][614]LogModuleManager: Shutting down and abandoning module AssetManagerEditor (270)
[2020.03.31-17.32.22:817][614]LogModuleManager: Shutting down and abandoning module LevelEditor (269)
[2020.03.31-17.32.22:819][614]LogModuleManager: Shutting down and abandoning module PixelInspectorModule (268)
[2020.03.31-17.32.22:819][614]LogModuleManager: Shutting down and abandoning module CommonMenuExtensions (266)
[2020.03.31-17.32.22:819][614]LogModuleManager: Shutting down and abandoning module MainFrame (264)
[2020.03.31-17.32.22:819][614]LogModuleManager: Shutting down and abandoning module HotReload (263)
[2020.03.31-17.32.22:820][614]LogModuleManager: Shutting down and abandoning module ContentBrowser (259)
[2020.03.31-17.32.22:823][614]LogModuleManager: Shutting down and abandoning module TreeMap (257)
[2020.03.31-17.32.22:823][614]LogModuleManager: Shutting down and abandoning module AnimationSharing (254)
[2020.03.31-17.32.22:823][614]LogModuleManager: Shutting down and abandoning module LightPropagationVolumeRuntime (252)
[2020.03.31-17.32.22:823][614]LogModuleManager: Shutting down and abandoning module Paper2D (250)
[2020.03.31-17.32.22:823][614]LogModuleManager: Shutting down and abandoning module WindowsMoviePlayer (248)
[2020.03.31-17.32.22:826][614]LogModuleManager: Shutting down and abandoning module WebMMoviePlayer (246)
[2020.03.31-17.32.22:826][614]LogModuleManager: Shutting down and abandoning module NetworkReplayStreaming (244)
[2020.03.31-17.32.22:826][614]LogModuleManager: Shutting down and abandoning module PacketHandler (242)
[2020.03.31-17.32.22:826][614]LogModuleManager: Shutting down and abandoning module ClothingSystemEditor (240)
[2020.03.31-17.32.22:827][614]LogModuleManager: Shutting down and abandoning module ClothingSystemRuntime (238)
[2020.03.31-17.32.22:827][614]LogModuleManager: Shutting down and abandoning module MediaAssets (236)
[2020.03.31-17.32.22:827][614]LogModuleManager: Shutting down and abandoning module Overlay (234)
[2020.03.31-17.32.22:827][614]LogModuleManager: Shutting down and abandoning module OverlayEditor (233)
[2020.03.31-17.32.22:827][614]LogModuleManager: Shutting down and abandoning module VREditor (230)
[2020.03.31-17.32.22:827][614]LogModuleManager: Shutting down and abandoning module StringTableEditor (228)
[2020.03.31-17.32.22:827][614]LogModuleManager: Shutting down and abandoning module GameplayTasksEditor (226)
[2020.03.31-17.32.22:827][614]LogModuleManager: Shutting down and abandoning module BehaviorTreeEditor (224)
[2020.03.31-17.32.22:827][614]LogModuleManager: Shutting down and abandoning module FunctionalTesting (222)
[2020.03.31-17.32.22:827][614]LogModuleManager: Shutting down and abandoning module CollisionAnalyzer (220)
[2020.03.31-17.32.22:827][614]LogModuleManager: Shutting down and abandoning module WorkspaceMenuStructure (219)
[2020.03.31-17.32.22:827][614]LogModuleManager: Shutting down and abandoning module UMG (216)
[2020.03.31-17.32.22:827][614]LogModuleManager: Shutting down and abandoning module UMGEditor (215)
[2020.03.31-17.32.22:827][614]LogModuleManager: Shutting down and abandoning module Sequencer (214)
[2020.03.31-17.32.22:827][614]LogModuleManager: Shutting down and abandoning module MessageLog (211)
[2020.03.31-17.32.22:827][614]LogModuleManager: Shutting down and abandoning module SlateReflector (206)
[2020.03.31-17.32.22:827][614]LogModuleManager: Shutting down and abandoning module Slate (204)
[2020.03.31-17.32.22:828][614]LogModuleManager: Shutting down and abandoning module LandscapeEditorUtilities (202)
[2020.03.31-17.32.22:828][614]LogModuleManager: Shutting down and abandoning module EditorStyle (200)
[2020.03.31-17.32.22:831][614]LogModuleManager: Shutting down and abandoning module UnrealEd (198)
[2020.03.31-17.32.22:831][614]LogModuleManager: Shutting down and abandoning module MRMesh (196)
[2020.03.31-17.32.22:831][614]LogModuleManager: Shutting down and abandoning module SourceCodeAccess (194)
[2020.03.31-17.32.22:831][614]LogModuleManager: Shutting down and abandoning module HeadMountedDisplay (192)
[2020.03.31-17.32.22:831][614]LogModuleManager: Shutting down and abandoning module XAudio2 (190)
[2020.03.31-17.32.22:831][614]LogModuleManager: Shutting down and abandoning module Networking (188)
[2020.03.31-17.32.22:831][614]LogModuleManager: Shutting down and abandoning module Core (186)
[2020.03.31-17.32.22:831][614]LogModuleManager: Shutting down and abandoning module KismetCompiler (184)
[2020.03.31-17.32.22:831][614]LogModuleManager: Shutting down and abandoning module MeshUtilities (182)
[2020.03.31-17.32.22:831][614]LogModuleManager: Shutting down and abandoning module MeshMergeUtilities (181)
[2020.03.31-17.32.22:831][614]LogModuleManager: Shutting down and abandoning module MeshReductionInterface (180)
[2020.03.31-17.32.22:831][614]LogModuleManager: Shutting down and abandoning module SkeletalMeshReduction (179)
[2020.03.31-17.32.22:831][614]LogModuleManager: Shutting down and abandoning module ProxyLODMeshReduction (177)
[2020.03.31-17.32.22:831][614]LogModuleManager: Shutting down and abandoning module QuadricMeshReduction (175)
[2020.03.31-17.32.22:831][614]LogModuleManager: Shutting down and abandoning module MaterialBaking (171)
[2020.03.31-17.32.22:831][614]LogModuleManager: Shutting down and abandoning module NullInstallBundleManager (166)
[2020.03.31-17.32.22:831][614]LogModuleManager: Shutting down and abandoning module DerivedDataCache (164)
[2020.03.31-17.32.22:831][614]LogDerivedDataCache: Shutdown
[2020.03.31-17.32.22:831][614]LogModuleManager: Shutting down and abandoning module XGEController (162)
[2020.03.31-17.32.22:831][614]LogXGEController: Cleaning working directory: C:/Users/Usuari/AppData/Local/Temp/UnrealXGEWorkingDir/
[2020.03.31-17.32.22:832][614]LogModuleManager: Shutting down and abandoning module TargetPlatform (160)
[2020.03.31-17.32.22:832][614]LogModuleManager: Shutting down and abandoning module VulkanShaderFormat (159)
[2020.03.31-17.32.22:832][614]LogModuleManager: Shutting down and abandoning module ShaderFormatVectorVM (157)
[2020.03.31-17.32.22:832][614]LogModuleManager: Shutting down and abandoning module ShaderFormatOpenGL (155)
[2020.03.31-17.32.22:832][614]LogModuleManager: Shutting down and abandoning module ShaderFormatD3D (153)
[2020.03.31-17.32.22:832][614]LogModuleManager: Shutting down and abandoning module MetalShaderFormat (151)
[2020.03.31-17.32.22:832][614]LogModuleManager: Shutting down and abandoning module TextureFormatUncompressed (149)
[2020.03.31-17.32.22:832][614]LogModuleManager: Shutting down and abandoning module TextureFormatPVR (147)
[2020.03.31-17.32.22:832][614]LogModuleManager: Shutting down and abandoning module TextureFormatDXT (145)
[2020.03.31-17.32.22:832][614]LogModuleManager: Shutting down and abandoning module TextureFormatIntelISPCTexComp (143)
[2020.03.31-17.32.22:833][614]LogModuleManager: Shutting down and abandoning module TextureFormatASTC (141)
[2020.03.31-17.32.22:833][614]LogModuleManager: Shutting down and abandoning module ImageWrapper (140)
[2020.03.31-17.32.22:833][614]LogModuleManager: Shutting down and abandoning module TextureFormatAndroid (137)
[2020.03.31-17.32.22:833][614]LogModuleManager: Shutting down and abandoning module AudioFormatOpus (135)
[2020.03.31-17.32.22:833][614]LogModuleManager: Shutting down and abandoning module AudioFormatOgg (133)
[2020.03.31-17.32.22:833][614]LogModuleManager: Shutting down and abandoning module AudioFormatADPCM (131)
[2020.03.31-17.32.22:833][614]LogModuleManager: Shutting down and abandoning module LuminTargetPlatform (129)
[2020.03.31-17.32.22:850][614]LogModuleManager: Shutting down and abandoning module LinuxTargetPlatform (127)
[2020.03.31-17.32.22:850][614]LogModuleManager: Shutting down and abandoning module LinuxServerTargetPlatform (125)
[2020.03.31-17.32.22:850][614]LogModuleManager: Shutting down and abandoning module LinuxNoEditorTargetPlatform (123)
[2020.03.31-17.32.22:850][614]LogModuleManager: Shutting down and abandoning module LinuxClientTargetPlatform (121)
[2020.03.31-17.32.22:850][614]LogModuleManager: Shutting down and abandoning module TVOSTargetPlatform (119)
[2020.03.31-17.32.22:854][614]LogModuleManager: Shutting down and abandoning module Messaging (117)
[2020.03.31-17.32.22:854][614]LogModuleManager: Shutting down and abandoning module IOSTargetPlatform (115)
[2020.03.31-17.32.22:857][614]LogModuleManager: Shutting down and abandoning module HTML5TargetPlatform (113)
[2020.03.31-17.32.22:857][614]LogModuleManager: Shutting down and abandoning module AndroidTargetPlatform (111)
[2020.03.31-17.32.22:887][614]LogModuleManager: Shutting down and abandoning module WindowsTargetPlatform (109)
[2020.03.31-17.32.22:887][614]LogModuleManager: Shutting down and abandoning module WindowsServerTargetPlatform (107)
[2020.03.31-17.32.22:887][614]LogModuleManager: Shutting down and abandoning module WindowsNoEditorTargetPlatform (105)
[2020.03.31-17.32.22:887][614]LogModuleManager: Shutting down and abandoning module WindowsClientTargetPlatform (103)
[2020.03.31-17.32.22:887][614]LogModuleManager: Shutting down and abandoning module MacTargetPlatform (101)
[2020.03.31-17.32.22:887][614]LogModuleManager: Shutting down and abandoning module MacServerTargetPlatform (99)
[2020.03.31-17.32.22:887][614]LogModuleManager: Shutting down and abandoning module MacNoEditorTargetPlatform (97)
[2020.03.31-17.32.22:887][614]LogModuleManager: Shutting down and abandoning module MacClientTargetPlatform (95)
[2020.03.31-17.32.22:887][614]LogModuleManager: Shutting down and abandoning module AllDesktopTargetPlatform (93)
[2020.03.31-17.32.22:887][614]LogModuleManager: Shutting down and abandoning module InputCore (90)
[2020.03.31-17.32.22:888][614]LogModuleManager: Shutting down and abandoning module Settings (88)
[2020.03.31-17.32.22:888][614]LogModuleManager: Shutting down and abandoning module DirectoryWatcher (86)
[2020.03.31-17.32.22:890][614]LogModuleManager: Shutting down and abandoning module PhysXCooking (84)
[2020.03.31-17.32.22:890][614]LogModuleManager: Shutting down and abandoning module WindowsPlatformFeatures (82)
[2020.03.31-17.32.22:890][614]LogModuleManager: Shutting down and abandoning module GameplayMediaEncoder (81)
[2020.03.31-17.32.22:890][614]LogModuleManager: Shutting down and abandoning module SteamVR (78)
[2020.03.31-17.32.22:890][614]LogHMD: Freeing OpenVRDLLHandle.
[2020.03.31-17.32.22:890][614]LogModuleManager: Shutting down and abandoning module OculusHMD (76)
[2020.03.31-17.32.22:890][614]LogModuleManager: Shutting down and abandoning module ExampleDeviceProfileSelector (74)
[2020.03.31-17.32.22:890][614]LogModuleManager: Shutting down and abandoning module LauncherChunkInstaller (72)
[2020.03.31-17.32.22:890][614]LogModuleManager: Shutting down and abandoning module OnlineBlueprintSupport (70)
[2020.03.31-17.32.22:890][614]LogModuleManager: Shutting down and abandoning module OnlineSubsystem (66)
[2020.03.31-17.32.22:891][614]LogModuleManager: Shutting down and abandoning module XMPP (61)
[2020.03.31-17.32.22:891][614]LogModuleManager: Shutting down and abandoning module WebSockets (60)
[2020.03.31-17.32.22:912][614]LogModuleManager: Shutting down and abandoning module HTTP (57)
[2020.03.31-17.32.22:912][614]LogHttp: Display: Http module shutting down, but needs to wait on 1 outstanding Http requests:
[2020.03.31-17.32.22:912][614]LogHttp: Display: 	verb=[POST] url=[https://datarouter.ol.epicgames.com/datarouter/api/v1/public/data?SessionID=%7B1110EB72-4749-D26F-D783-8C85CD3BA720%7D&AppID=UEEditor.Rocket.Release&AppVersion=4.23.1-9631420%2B%2B%2BUE4%2BRelease-4.23&UserID=b66d338f4426338f519d4b8b5bd973cd%7Cc757fcf6e08540659fdb90932657e32a%7C2365ae24-5a42-4159-b069-8ab1d9c2036b&AppEnvironment=datacollector-binary&UploadType=eteventstream] status=Processing
[2020.03.31-17.32.22:921][614]LogModuleManager: Shutting down and abandoning module SSL (56)
[2020.03.31-17.32.22:922][614]LogModuleManager: Shutting down and abandoning module WmfMedia (52)
[2020.03.31-17.32.22:924][614]LogModuleManager: Shutting down and abandoning module Media (51)
[2020.03.31-17.32.22:924][614]LogModuleManager: Shutting down and abandoning module MagicLeap (48)
[2020.03.31-17.32.22:924][614]LogModuleManager: Shutting down and abandoning module DatasmithContent (46)
[2020.03.31-17.32.22:925][614]LogModuleManager: Shutting down and abandoning module AISupportModule (44)
[2020.03.31-17.32.22:925][614]LogModuleManager: Shutting down and abandoning module PlatformCryptoOpenSSL (42)
[2020.03.31-17.32.22:925][614]LogModuleManager: Shutting down and abandoning module PlatformCrypto (40)
[2020.03.31-17.32.22:925][614]LogModuleManager: Shutting down and abandoning module AnimationModifiers (38)
[2020.03.31-17.32.22:925][614]LogModuleManager: Shutting down and abandoning module PropertyEditor (37)
[2020.03.31-17.32.22:925][614]LogModuleManager: Shutting down and abandoning module AudioEditor (34)
[2020.03.31-17.32.22:925][614]LogModuleManager: Shutting down and abandoning module TextureCompressor (32)
[2020.03.31-17.32.22:925][614]LogModuleManager: Shutting down and abandoning module RenderCore (30)
[2020.03.31-17.32.22:925][614]LogModuleManager: Shutting down and abandoning module Landscape (28)
[2020.03.31-17.32.22:925][614]LogModuleManager: Shutting down and abandoning module SlateRHIRenderer (26)
[2020.03.31-17.32.22:927][614]LogModuleManager: Shutting down and abandoning module OpenGLDrv (24)
[2020.03.31-17.32.22:927][614]LogModuleManager: Shutting down and abandoning module D3D11RHI (22)
[2020.03.31-17.32.22:927][614]LogModuleManager: Shutting down and abandoning module AnimGraphRuntime (20)
[2020.03.31-17.32.22:927][614]LogModuleManager: Shutting down and abandoning module Renderer (18)
[2020.03.31-17.32.22:927][614]LogModuleManager: Shutting down and abandoning module Engine (16)
[2020.03.31-17.32.22:927][614]LogModuleManager: Shutting down and abandoning module CoreUObject (14)
[2020.03.31-17.32.22:927][614]LogModuleManager: Shutting down and abandoning module NetworkFile (12)
[2020.03.31-17.32.22:927][614]LogModuleManager: Shutting down and abandoning module CookedIterativeFile (10)
[2020.03.31-17.32.22:927][614]LogModuleManager: Shutting down and abandoning module StreamingFile (8)
[2020.03.31-17.32.22:927][614]LogModuleManager: Shutting down and abandoning module SandboxFile (6)
[2020.03.31-17.32.22:927][614]LogModuleManager: Shutting down and abandoning module PakFile (4)
[2020.03.31-17.32.22:927][614]LogModuleManager: Shutting down and abandoning module RSA (3)
[2020.03.31-17.32.22:927][614]LogD3D11RHI: Shutdown
[2020.03.31-17.32.22:927][614]LogD3D11RHI: CleanupD3DDevice
[2020.03.31-17.32.22:928][614]LogRendererCore: FGlobalDynamicReadBuffer::Cleanup()
[2020.03.31-17.32.22:928][614]LogRendererCore: FGlobalDynamicReadBuffer::Cleanup()
[2020.03.31-17.32.22:928][614]LogRendererCore: FGlobalDynamicReadBuffer::Cleanup()
[2020.03.31-17.32.22:997][614]LogD3D11RHI: ~FD3D11DynamicRHI
[2020.03.31-17.32.23:003][614]LogExit: Exiting.
[2020.03.31-17.32.23:025][614]Log file closed, 03/31/20 19:32:23
